[2019-01-07 23:50:59.327] - cafe.sessions.session_srv.euta.session_log - DEBUG: >Enter Suite: AXOS
[2019-01-07 23:50:59.431] - cafe.sessions.session_srv.euta.session_log - DEBUG: >>Enter Suite: AXOS-automation
[2019-01-07 23:50:59.433] - cafe.sessions.session_srv.euta.session_log - DEBUG: >>>Enter Suite: Milan
[2019-01-07 23:50:59.436] - cafe.sessions.session_srv.euta.session_log - DEBUG: >>>>Enter Suite: ST Test Cases
[2019-01-07 23:50:59.439] - cafe.sessions.session_srv.euta.session_log - DEBUG: >>>>>Enter Suite: System
[2019-01-07 23:50:59.442] - cafe.sessions.session_srv.euta.session_log - DEBUG: >>>>>>Enter Suite: HW Support
[2019-01-07 23:50:59.445] - cafe.sessions.session_srv.euta.session_log - DEBUG: >>>>>>>Enter Suite: MTU
[2019-01-07 23:51:00.153] - cafe.sessions.session_srv.euta.session_log - DEBUG: >>>>>>>>Enter Suite: Testcase
[2019-01-07 23:51:49.665] - cafe.sessions.session_srv.euta.session_log - DEBUG: >>>>>>>>>Enter Teardown Keyword: test_teardown
[2019-01-07 23:51:49.671] - cafe.sessions.session_srv.euta.session_log - DEBUG: >>>>>>>>>>Enter Keyword: keyword_service_model.service_point_remove_vlan
[2019-01-07 23:51:49.680] - cafe.sessions.session_srv.euta.session_log - DEBUG: >>>>>>>>>>>Enter For Keyword: ${service_point} IN [ @{service_model.${service_point_list}} ]
[2019-01-07 23:51:49.682] - cafe.sessions.session_srv.euta.session_log - DEBUG: >>>>>>>>>>>>Enter For Item Keyword: ${service_point} = service_point1
[2019-01-07 23:51:49.688] - cafe.sessions.session_srv.euta.session_log - DEBUG: >>>>>>>>>>>>>Enter Keyword: keyword_service_model.service_point_remove_transport_profile
[2019-01-07 23:51:49.695] - cafe.sessions.session_srv.euta.session_log - DEBUG: >>>>>>>>>>>>>>Enter For Keyword: ${port_key} IN [ @{service_model.${service_point}.member} ]
[2019-01-07 23:51:49.696] - cafe.sessions.session_srv.euta.session_log - DEBUG: >>>>>>>>>>>>>>>Enter For Item Keyword: ${port_key} = interface1
[2019-01-07 23:52:13.788] - cafe.sessions.session_srv.euta.session_log - DEBUG: >>>>>>>>>>>>>>>>Enter Keyword: keyword_command.dprov_interface_ethernet
[2019-01-07 23:52:13.790] - cafe.sessions.session_srv.euta.session_log - DEBUG: >>>>>>>>>>>>>>>>>Enter Keyword: keyword_common.Axos Cli With Error Check
[2019-01-07 23:52:13.791] - cafe.sessions.session_srv.euta.session_log - DEBUG: >>>>>>>>>>>>>>>>>>Enter Keyword: caferobot.command.adapter.CliAdapter.Cli
[2019-01-07 23:52:32.870] - cafe.sessions.session_srv.euta.session_log - INFO: **** ACTIVE NGPON2-4 CARD  ****
[2019-01-07 23:52:33.588] - cafe.sessions.session_srv.euta.session_log - INFO: Welcome to CLI
[2019-01-07 23:52:33.589] - cafe.sessions.session_srv.euta.session_log - INFO: sysadmin connected from 10.200.201.26 using ssh on NGPON2X4
[2019-01-07 23:52:34.38] - cafe.sessions.session_srv.euta.session_log - INFO: [?7hNGPON2X4# configure
[2019-01-07 23:52:34.154] - cafe.sessions.session_srv.euta.session_log - INFO: ----------^
[2019-01-07 23:52:34.155] - cafe.sessions.session_srv.euta.session_log - INFO: syntax error: expecting 
[2019-01-07 23:52:34.155] - cafe.sessions.session_srv.euta.session_log - INFO:   enable             - Enable EXEC commands
[2019-01-07 23:52:34.156] - cafe.sessions.session_srv.euta.session_log - INFO:   exit               - Exit the management session
[2019-01-07 23:52:34.157] - cafe.sessions.session_srv.euta.session_log - INFO:   show-system-status - Show current system status
[2019-01-07 23:52:34.162] - cafe.sessions.session_srv.euta.session_log - DEBUG: <<<<<<<<<<<<<<<<<<Exit Keyword: caferobot.command.adapter.CliAdapter.Cli
[2019-01-07 23:52:34.167] - cafe.sessions.session_srv.euta.session_log - DEBUG: <<<<<<<<<<<<<<<<<Exit Keyword: keyword_common.Axos Cli With Error Check
[2019-01-07 23:52:34.169] - cafe.sessions.session_srv.euta.session_log - DEBUG: >>>>>>>>>>>>>>>>>Enter Keyword: keyword_common.Axos Cli With Error Check
[2019-01-07 23:52:34.171] - cafe.sessions.session_srv.euta.session_log - DEBUG: >>>>>>>>>>>>>>>>>>Enter Keyword: caferobot.command.adapter.CliAdapter.Cli
[2019-01-07 23:52:34.349] - cafe.sessions.session_srv.euta.session_log - INFO: NGPON2X4# interface ethernet 1/1/x3
[2019-01-07 23:52:34.385] - cafe.sessions.session_srv.euta.session_log - INFO: ----------^
[2019-01-07 23:52:34.385] - cafe.sessions.session_srv.euta.session_log - INFO: syntax error: expecting 
[2019-01-07 23:52:34.386] - cafe.sessions.session_srv.euta.session_log - INFO:   enable             - Enable EXEC commands
[2019-01-07 23:52:34.387] - cafe.sessions.session_srv.euta.session_log - INFO:   exit               - Exit the management session
[2019-01-07 23:52:34.387] - cafe.sessions.session_srv.euta.session_log - INFO:   show-system-status - Show current system status
[2019-01-07 23:52:34.392] - cafe.sessions.session_srv.euta.session_log - DEBUG: <<<<<<<<<<<<<<<<<<Exit Keyword: caferobot.command.adapter.CliAdapter.Cli
[2019-01-07 23:52:34.395] - cafe.sessions.session_srv.euta.session_log - DEBUG: <<<<<<<<<<<<<<<<<Exit Keyword: keyword_common.Axos Cli With Error Check
[2019-01-07 23:52:34.397] - cafe.sessions.session_srv.euta.session_log - DEBUG: >>>>>>>>>>>>>>>>>Enter For Keyword: ${element} IN [ @{list_cmd} ]
[2019-01-07 23:52:34.398] - cafe.sessions.session_srv.euta.session_log - DEBUG: >>>>>>>>>>>>>>>>>>Enter For Item Keyword: ${element} = transport-service-profile
[2019-01-07 23:52:34.398] - cafe.sessions.session_srv.euta.session_log - DEBUG: >>>>>>>>>>>>>>>>>>>Enter Keyword: keyword_common.Axos Cli With Error Check
[2019-01-07 23:52:34.400] - cafe.sessions.session_srv.euta.session_log - DEBUG: >>>>>>>>>>>>>>>>>>>>Enter Keyword: caferobot.command.adapter.CliAdapter.Cli
[2019-01-07 23:52:34.581] - cafe.sessions.session_srv.euta.session_log - INFO: NGPON2X4# no transport-service-profile
[2019-01-07 23:52:34.597] - cafe.sessions.session_srv.euta.session_log - INFO: ----------^
[2019-01-07 23:52:34.598] - cafe.sessions.session_srv.euta.session_log - INFO: syntax error: expecting 
[2019-01-07 23:52:34.599] - cafe.sessions.session_srv.euta.session_log - INFO:   enable             - Enable EXEC commands
[2019-01-07 23:52:34.599] - cafe.sessions.session_srv.euta.session_log - INFO:   exit               - Exit the management session
[2019-01-07 23:52:34.600] - cafe.sessions.session_srv.euta.session_log - INFO:   show-system-status - Show current system status
[2019-01-07 23:52:34.604] - cafe.sessions.session_srv.euta.session_log - DEBUG: <<<<<<<<<<<<<<<<<<<<Exit Keyword: caferobot.command.adapter.CliAdapter.Cli
[2019-01-07 23:52:34.607] - cafe.sessions.session_srv.euta.session_log - DEBUG: <<<<<<<<<<<<<<<<<<<Exit Keyword: keyword_common.Axos Cli With Error Check
[2019-01-07 23:52:34.609] - cafe.sessions.session_srv.euta.session_log - DEBUG: <<<<<<<<<<<<<<<<<<Exit For Item Keyword: ${element} = transport-service-profile
[2019-01-07 23:52:34.610] - cafe.sessions.session_srv.euta.session_log - DEBUG: <<<<<<<<<<<<<<<<<Exit For Keyword: ${element} IN [ @{list_cmd} ]
[2019-01-07 23:52:34.612] - cafe.sessions.session_srv.euta.session_log - DEBUG: >>>>>>>>>>>>>>>>>Enter Teardown Keyword: keyword_common.Axos Cli With Error Check
[2019-01-07 23:52:34.613] - cafe.sessions.session_srv.euta.session_log - DEBUG: >>>>>>>>>>>>>>>>>>Enter Keyword: caferobot.command.adapter.CliAdapter.Cli
[2019-01-07 23:52:34.804] - cafe.sessions.session_srv.euta.session_log - INFO: NGPON2X4# end
[2019-01-07 23:52:34.836] - cafe.sessions.session_srv.euta.session_log - INFO: ----------^
[2019-01-07 23:52:34.837] - cafe.sessions.session_srv.euta.session_log - INFO: syntax error: expecting 
[2019-01-07 23:52:34.838] - cafe.sessions.session_srv.euta.session_log - INFO:   enable             - Enable EXEC commands
[2019-01-07 23:52:34.838] - cafe.sessions.session_srv.euta.session_log - INFO:   exit               - Exit the management session
[2019-01-07 23:52:34.839] - cafe.sessions.session_srv.euta.session_log - INFO:   show-system-status - Show current system status
[2019-01-07 23:52:34.843] - cafe.sessions.session_srv.euta.session_log - DEBUG: <<<<<<<<<<<<<<<<<<Exit Keyword: caferobot.command.adapter.CliAdapter.Cli
[2019-01-07 23:52:34.846] - cafe.sessions.session_srv.euta.session_log - DEBUG: <<<<<<<<<<<<<<<<<Exit Teardown Keyword: keyword_common.Axos Cli With Error Check
[2019-01-07 23:52:34.848] - cafe.sessions.session_srv.euta.session_log - DEBUG: <<<<<<<<<<<<<<<<Exit Keyword: keyword_command.dprov_interface_ethernet
[2019-01-07 23:52:34.852] - cafe.sessions.session_srv.euta.session_log - DEBUG: <<<<<<<<<<<<<<<Exit For Item Keyword: ${port_key} = interface1
[2019-01-07 23:52:34.854] - cafe.sessions.session_srv.euta.session_log - DEBUG: <<<<<<<<<<<<<<Exit For Keyword: ${port_key} IN [ @{service_model.${service_point}.member} ]
[2019-01-07 23:52:34.863] - cafe.sessions.session_srv.euta.session_log - DEBUG: <<<<<<<<<<<<<Exit Keyword: keyword_service_model.service_point_remove_transport_profile
[2019-01-07 23:52:34.865] - cafe.sessions.session_srv.euta.session_log - DEBUG: >>>>>>>>>>>>>Enter Keyword: BuiltIn.Run Keyword And Ignore Error
[2019-01-07 23:52:34.867] - cafe.sessions.session_srv.euta.session_log - DEBUG: >>>>>>>>>>>>>>Enter Keyword: keyword_command.delete_config_object
[2019-01-07 23:52:34.868] - cafe.sessions.session_srv.euta.session_log - DEBUG: >>>>>>>>>>>>>>>Enter Keyword: caferobot.command.adapter.CliAdapter.Cli
[2019-01-07 23:52:35.525] - cafe.sessions.session_srv.euta.session_log - INFO: NGPON2X4# Last login: Mon Jan  7 23:35:11 2019 from 10.200.201.26
[2019-01-07 23:52:35.525] - cafe.sessions.session_srv.euta.session_log - INFO: 
[2019-01-07 23:52:36.292] - cafe.sessions.session_srv.euta.session_log - INFO: **** ACTIVE NGPON2-4 CARD  ****
[2019-01-07 23:52:37.810] - cafe.sessions.session_srv.euta.session_log - INFO: Welcome to CLI
[2019-01-07 23:52:37.810] - cafe.sessions.session_srv.euta.session_log - INFO: sysadmin connected from 10.200.201.26 using ssh on NGPON2X4
[2019-01-07 23:52:38.159] - cafe.sessions.session_srv.euta.session_log - INFO: [?7hNGPON2X4# configure
[2019-01-07 23:52:38.324] - cafe.sessions.session_srv.euta.session_log - INFO: Enter configuration commands, one per line. End with CNTL/Z.
[2019-01-07 23:52:38.360] - cafe.sessions.session_srv.euta.session_log - DEBUG: <<<<<<<<<<<<<<<Exit Keyword: caferobot.command.adapter.CliAdapter.Cli
[2019-01-07 23:52:38.362] - cafe.sessions.session_srv.euta.session_log - DEBUG: >>>>>>>>>>>>>>>Enter Keyword: keyword_common.Axos Cli With Error Check
[2019-01-07 23:52:38.364] - cafe.sessions.session_srv.euta.session_log - DEBUG: >>>>>>>>>>>>>>>>Enter Keyword: caferobot.command.adapter.CliAdapter.Cli
[2019-01-07 23:52:38.552] - cafe.sessions.session_srv.euta.session_log - INFO: NGPON2X4(config)# no transport-service-profile auto_TransVlan_777
[2019-01-07 23:52:39.772] - cafe.sessions.session_srv.euta.session_log - INFO: Aborted: illegal reference 'interface ethernet 1/1/x1 transport-service-profile'
[2019-01-07 23:52:39.773] - cafe.sessions.session_srv.euta.session_log - INFO: Error: failed to apply modifications
[2019-01-07 23:52:39.841] - cafe.sessions.session_srv.euta.session_log - DEBUG: <<<<<<<<<<<<<<<<Exit Keyword: caferobot.command.adapter.CliAdapter.Cli
[2019-01-07 23:52:39.845] - cafe.sessions.session_srv.euta.session_log - DEBUG: <<<<<<<<<<<<<<<Exit Keyword: keyword_common.Axos Cli With Error Check
[2019-01-07 23:52:39.848] - cafe.sessions.session_srv.euta.session_log - DEBUG: >>>>>>>>>>>>>>>Enter Teardown Keyword: caferobot.command.adapter.CliAdapter.Cli
[2019-01-07 23:52:40.30] - cafe.sessions.session_srv.euta.session_log - INFO: NGPON2X4(config)# end
[2019-01-07 23:52:40.252] - cafe.sessions.session_srv.euta.session_log - DEBUG: <<<<<<<<<<<<<<<Exit Teardown Keyword: caferobot.command.adapter.CliAdapter.Cli
[2019-01-07 23:52:40.254] - cafe.sessions.session_srv.euta.session_log - DEBUG: <<<<<<<<<<<<<<Exit Keyword: keyword_command.delete_config_object
[2019-01-07 23:52:40.255] - cafe.sessions.session_srv.euta.session_log - DEBUG: <<<<<<<<<<<<<Exit Keyword: BuiltIn.Run Keyword And Ignore Error
[2019-01-07 23:52:40.257] - cafe.sessions.session_srv.euta.session_log - DEBUG: <<<<<<<<<<<<Exit For Item Keyword: ${service_point} = service_point1
[2019-01-07 23:52:40.259] - cafe.sessions.session_srv.euta.session_log - DEBUG: >>>>>>>>>>>>Enter For Item Keyword: ${service_point} = service_point2
[2019-01-07 23:52:40.265] - cafe.sessions.session_srv.euta.session_log - DEBUG: >>>>>>>>>>>>>Enter Keyword: keyword_service_model.service_point_remove_transport_profile
[2019-01-07 23:52:40.269] - cafe.sessions.session_srv.euta.session_log - DEBUG: >>>>>>>>>>>>>>Enter For Keyword: ${port_key} IN [ @{service_model.${service_point}.member} ]
[2019-01-07 23:52:40.270] - cafe.sessions.session_srv.euta.session_log - DEBUG: >>>>>>>>>>>>>>>Enter For Item Keyword: ${port_key} = interface1
[2019-01-07 23:52:40.274] - cafe.sessions.session_srv.euta.session_log - DEBUG: >>>>>>>>>>>>>>>>Enter Keyword: caferobot.command.adapter.CliAdapter.Cli
[2019-01-07 23:52:40.457] - cafe.sessions.session_srv.euta.session_log - INFO: NGPON2X4# show running-config interface ethernet 1/1/x4
[2019-01-07 23:52:50.798] - cafe.sessions.session_srv.euta.session_log - INFO: interface ethernet 1/1/x4
[2019-01-07 23:52:50.803] - cafe.sessions.session_srv.euta.session_log - INFO:  no shutdown
[2019-01-07 23:52:50.804] - cafe.sessions.session_srv.euta.session_log - INFO:  role                      inni
[2019-01-07 23:52:50.836] - cafe.sessions.session_srv.euta.session_log - INFO:  transport-service-profile auto_TransVlan_777
[2019-01-07 23:52:50.951] - cafe.sessions.session_srv.euta.session_log - INFO:  erps-ring 2
[2019-01-07 23:52:50.952] - cafe.sessions.session_srv.euta.session_log - INFO:   role secondary
[2019-01-07 23:52:50.953] - cafe.sessions.session_srv.euta.session_log - INFO:  !
[2019-01-07 23:52:50.985] - cafe.sessions.session_srv.euta.session_log - INFO: !
[2019-01-07 23:52:50.988] - cafe.sessions.session_srv.euta.session_log - DEBUG: <<<<<<<<<<<<<<<<Exit Keyword: caferobot.command.adapter.CliAdapter.Cli
[2019-01-07 23:52:50.991] - cafe.sessions.session_srv.euta.session_log - DEBUG: >>>>>>>>>>>>>>>>Enter Keyword: keyword_command.dprov_interface_ethernet
[2019-01-07 23:52:50.992] - cafe.sessions.session_srv.euta.session_log - DEBUG: >>>>>>>>>>>>>>>>>Enter Keyword: keyword_common.Axos Cli With Error Check
[2019-01-07 23:52:50.994] - cafe.sessions.session_srv.euta.session_log - DEBUG: >>>>>>>>>>>>>>>>>>Enter Keyword: caferobot.command.adapter.CliAdapter.Cli
[2019-01-07 23:52:51.181] - cafe.sessions.session_srv.euta.session_log - INFO: NGPON2X4# configure
[2019-01-07 23:52:51.245] - cafe.sessions.session_srv.euta.session_log - INFO: Enter configuration commands, one per line. End with CNTL/Z.
[2019-01-07 23:52:51.248] - cafe.sessions.session_srv.euta.session_log - INFO: Current configuration users:
[2019-01-07 23:52:51.251] - cafe.sessions.session_srv.euta.session_log - INFO: sysadmin ssh (cli from 10.200.201.26) on since 2019-01-07 23:35:23 terminal mode
[2019-01-07 23:52:51.257] - cafe.sessions.session_srv.euta.session_log - DEBUG: <<<<<<<<<<<<<<<<<<Exit Keyword: caferobot.command.adapter.CliAdapter.Cli
[2019-01-07 23:52:51.260] - cafe.sessions.session_srv.euta.session_log - DEBUG: <<<<<<<<<<<<<<<<<Exit Keyword: keyword_common.Axos Cli With Error Check
[2019-01-07 23:52:51.262] - cafe.sessions.session_srv.euta.session_log - DEBUG: >>>>>>>>>>>>>>>>>Enter Keyword: keyword_common.Axos Cli With Error Check
[2019-01-07 23:52:51.264] - cafe.sessions.session_srv.euta.session_log - DEBUG: >>>>>>>>>>>>>>>>>>Enter Keyword: caferobot.command.adapter.CliAdapter.Cli
[2019-01-07 23:52:51.443] - cafe.sessions.session_srv.euta.session_log - INFO: NGPON2X4(config)# interface ethernet 1/1/x4
[2019-01-07 23:52:51.513] - cafe.sessions.session_srv.euta.session_log - DEBUG: <<<<<<<<<<<<<<<<<<Exit Keyword: caferobot.command.adapter.CliAdapter.Cli
[2019-01-07 23:52:51.517] - cafe.sessions.session_srv.euta.session_log - DEBUG: <<<<<<<<<<<<<<<<<Exit Keyword: keyword_common.Axos Cli With Error Check
[2019-01-07 23:52:51.519] - cafe.sessions.session_srv.euta.session_log - DEBUG: >>>>>>>>>>>>>>>>>Enter For Keyword: ${element} IN [ @{list_cmd} ]
[2019-01-07 23:52:51.520] - cafe.sessions.session_srv.euta.session_log - DEBUG: >>>>>>>>>>>>>>>>>>Enter For Item Keyword: ${element} = transport-service-profile
[2019-01-07 23:52:51.521] - cafe.sessions.session_srv.euta.session_log - DEBUG: >>>>>>>>>>>>>>>>>>>Enter Keyword: keyword_common.Axos Cli With Error Check
[2019-01-07 23:52:51.523] - cafe.sessions.session_srv.euta.session_log - DEBUG: >>>>>>>>>>>>>>>>>>>>Enter Keyword: caferobot.command.adapter.CliAdapter.Cli
[2019-01-07 23:52:51.718] - cafe.sessions.session_srv.euta.session_log - INFO: NGPON2X4(config-ethernet-1/1/x4)# no transport-service-profile
[2019-01-07 23:52:53.900] - cafe.sessions.session_srv.euta.session_log - DEBUG: <<<<<<<<<<<<<<<<<<<<Exit Keyword: caferobot.command.adapter.CliAdapter.Cli
[2019-01-07 23:52:53.905] - cafe.sessions.session_srv.euta.session_log - DEBUG: <<<<<<<<<<<<<<<<<<<Exit Keyword: keyword_common.Axos Cli With Error Check
[2019-01-07 23:52:53.906] - cafe.sessions.session_srv.euta.session_log - DEBUG: <<<<<<<<<<<<<<<<<<Exit For Item Keyword: ${element} = transport-service-profile
[2019-01-07 23:52:53.907] - cafe.sessions.session_srv.euta.session_log - DEBUG: <<<<<<<<<<<<<<<<<Exit For Keyword: ${element} IN [ @{list_cmd} ]
[2019-01-07 23:52:53.910] - cafe.sessions.session_srv.euta.session_log - DEBUG: >>>>>>>>>>>>>>>>>Enter Teardown Keyword: keyword_common.Axos Cli With Error Check
[2019-01-07 23:52:53.911] - cafe.sessions.session_srv.euta.session_log - DEBUG: >>>>>>>>>>>>>>>>>>Enter Keyword: caferobot.command.adapter.CliAdapter.Cli
[2019-01-07 23:52:54.89] - cafe.sessions.session_srv.euta.session_log - INFO: NGPON2X4(config-ethernet-1/1/x4)# end
[2019-01-07 23:52:54.158] - cafe.sessions.session_srv.euta.session_log - DEBUG: <<<<<<<<<<<<<<<<<<Exit Keyword: caferobot.command.adapter.CliAdapter.Cli
[2019-01-07 23:52:54.161] - cafe.sessions.session_srv.euta.session_log - DEBUG: <<<<<<<<<<<<<<<<<Exit Teardown Keyword: keyword_common.Axos Cli With Error Check
[2019-01-07 23:52:54.162] - cafe.sessions.session_srv.euta.session_log - DEBUG: <<<<<<<<<<<<<<<<Exit Keyword: keyword_command.dprov_interface_ethernet
[2019-01-07 23:52:54.164] - cafe.sessions.session_srv.euta.session_log - DEBUG: <<<<<<<<<<<<<<<Exit For Item Keyword: ${port_key} = interface1
[2019-01-07 23:52:54.165] - cafe.sessions.session_srv.euta.session_log - DEBUG: <<<<<<<<<<<<<<Exit For Keyword: ${port_key} IN [ @{service_model.${service_point}.member} ]
[2019-01-07 23:52:54.166] - cafe.sessions.session_srv.euta.session_log - DEBUG: <<<<<<<<<<<<<Exit Keyword: keyword_service_model.service_point_remove_transport_profile
[2019-01-07 23:52:54.168] - cafe.sessions.session_srv.euta.session_log - DEBUG: >>>>>>>>>>>>>Enter Keyword: BuiltIn.Run Keyword And Ignore Error
[2019-01-07 23:52:54.169] - cafe.sessions.session_srv.euta.session_log - DEBUG: >>>>>>>>>>>>>>Enter Keyword: keyword_command.delete_config_object
[2019-01-07 23:52:54.170] - cafe.sessions.session_srv.euta.session_log - DEBUG: >>>>>>>>>>>>>>>Enter Keyword: caferobot.command.adapter.CliAdapter.Cli
[2019-01-07 23:52:54.351] - cafe.sessions.session_srv.euta.session_log - INFO: NGPON2X4# configure
[2019-01-07 23:52:54.465] - cafe.sessions.session_srv.euta.session_log - INFO: Enter configuration commands, one per line. End with CNTL/Z.
[2019-01-07 23:52:54.466] - cafe.sessions.session_srv.euta.session_log - INFO: Current configuration users:
[2019-01-07 23:52:54.467] - cafe.sessions.session_srv.euta.session_log - INFO: sysadmin ssh (cli from 10.200.201.26) on since 2019-01-07 23:35:23 terminal mode
[2019-01-07 23:52:54.486] - cafe.sessions.session_srv.euta.session_log - DEBUG: <<<<<<<<<<<<<<<Exit Keyword: caferobot.command.adapter.CliAdapter.Cli
[2019-01-07 23:52:54.488] - cafe.sessions.session_srv.euta.session_log - DEBUG: >>>>>>>>>>>>>>>Enter Keyword: keyword_common.Axos Cli With Error Check
[2019-01-07 23:52:54.490] - cafe.sessions.session_srv.euta.session_log - DEBUG: >>>>>>>>>>>>>>>>Enter Keyword: caferobot.command.adapter.CliAdapter.Cli
[2019-01-07 23:52:54.666] - cafe.sessions.session_srv.euta.session_log - INFO: NGPON2X4(config)# no transport-service-profile auto_TransVlan_777
[2019-01-07 23:52:55.433] - cafe.sessions.session_srv.euta.session_log - INFO: Aborted: illegal reference 'interface ethernet 1/1/x1 transport-service-profile'
[2019-01-07 23:52:55.434] - cafe.sessions.session_srv.euta.session_log - INFO: Error: failed to apply modifications
[2019-01-07 23:52:55.446] - cafe.sessions.session_srv.euta.session_log - DEBUG: <<<<<<<<<<<<<<<<Exit Keyword: caferobot.command.adapter.CliAdapter.Cli
[2019-01-07 23:52:55.450] - cafe.sessions.session_srv.euta.session_log - DEBUG: <<<<<<<<<<<<<<<Exit Keyword: keyword_common.Axos Cli With Error Check
[2019-01-07 23:52:55.451] - cafe.sessions.session_srv.euta.session_log - DEBUG: >>>>>>>>>>>>>>>Enter Teardown Keyword: caferobot.command.adapter.CliAdapter.Cli
[2019-01-07 23:52:55.628] - cafe.sessions.session_srv.euta.session_log - INFO: NGPON2X4(config)# end
[2019-01-07 23:52:55.766] - cafe.sessions.session_srv.euta.session_log - DEBUG: <<<<<<<<<<<<<<<Exit Teardown Keyword: caferobot.command.adapter.CliAdapter.Cli
[2019-01-07 23:52:55.768] - cafe.sessions.session_srv.euta.session_log - DEBUG: <<<<<<<<<<<<<<Exit Keyword: keyword_command.delete_config_object
[2019-01-07 23:52:55.769] - cafe.sessions.session_srv.euta.session_log - DEBUG: <<<<<<<<<<<<<Exit Keyword: BuiltIn.Run Keyword And Ignore Error
[2019-01-07 23:52:55.770] - cafe.sessions.session_srv.euta.session_log - DEBUG: <<<<<<<<<<<<Exit For Item Keyword: ${service_point} = service_point2
[2019-01-07 23:52:55.771] - cafe.sessions.session_srv.euta.session_log - DEBUG: >>>>>>>>>>>>Enter For Item Keyword: ${service_point} = service_point3
[2019-01-07 23:52:55.777] - cafe.sessions.session_srv.euta.session_log - DEBUG: >>>>>>>>>>>>>Enter Keyword: keyword_service_model.service_point_remove_transport_profile
[2019-01-07 23:52:55.782] - cafe.sessions.session_srv.euta.session_log - DEBUG: >>>>>>>>>>>>>>Enter For Keyword: ${port_key} IN [ @{service_model.${service_point}.member} ]
[2019-01-07 23:52:55.783] - cafe.sessions.session_srv.euta.session_log - DEBUG: >>>>>>>>>>>>>>>Enter For Item Keyword: ${port_key} = interface1
[2019-01-07 23:52:55.788] - cafe.sessions.session_srv.euta.session_log - DEBUG: >>>>>>>>>>>>>>>>Enter Keyword: caferobot.command.adapter.CliAdapter.Cli
[2019-01-07 23:52:55.976] - cafe.sessions.session_srv.euta.session_log - INFO: NGPON2X4# show running-config interface ethernet 1/2/x11
[2019-01-07 23:53:05.997] - cafe.sessions.session_srv.euta.session_log - INFO: interface ethernet 1/2/x11
[2019-01-07 23:53:05.997] - cafe.sessions.session_srv.euta.session_log - INFO: !
[2019-01-07 23:53:06.9] - cafe.sessions.session_srv.euta.session_log - DEBUG: <<<<<<<<<<<<<<<<Exit Keyword: caferobot.command.adapter.CliAdapter.Cli
[2019-01-07 23:53:06.21] - cafe.sessions.session_srv.euta.session_log - DEBUG: >>>>>>>>>>>>>>>>Enter Keyword: keyword_command.dprov_interface_ethernet
[2019-01-07 23:53:06.22] - cafe.sessions.session_srv.euta.session_log - DEBUG: >>>>>>>>>>>>>>>>>Enter Keyword: keyword_common.Axos Cli With Error Check
[2019-01-07 23:53:06.24] - cafe.sessions.session_srv.euta.session_log - DEBUG: >>>>>>>>>>>>>>>>>>Enter Keyword: caferobot.command.adapter.CliAdapter.Cli
[2019-01-07 23:53:06.222] - cafe.sessions.session_srv.euta.session_log - INFO: NGPON2X4# configure
[2019-01-07 23:53:06.339] - cafe.sessions.session_srv.euta.session_log - INFO: Enter configuration commands, one per line. End with CNTL/Z.
[2019-01-07 23:53:06.354] - cafe.sessions.session_srv.euta.session_log - DEBUG: <<<<<<<<<<<<<<<<<<Exit Keyword: caferobot.command.adapter.CliAdapter.Cli
[2019-01-07 23:53:06.356] - cafe.sessions.session_srv.euta.session_log - DEBUG: <<<<<<<<<<<<<<<<<Exit Keyword: keyword_common.Axos Cli With Error Check
[2019-01-07 23:53:06.358] - cafe.sessions.session_srv.euta.session_log - DEBUG: >>>>>>>>>>>>>>>>>Enter Keyword: keyword_common.Axos Cli With Error Check
[2019-01-07 23:53:06.360] - cafe.sessions.session_srv.euta.session_log - DEBUG: >>>>>>>>>>>>>>>>>>Enter Keyword: caferobot.command.adapter.CliAdapter.Cli
[2019-01-07 23:53:06.565] - cafe.sessions.session_srv.euta.session_log - INFO: NGPON2X4(config)# interface ethernet 1/2/x11
[2019-01-07 23:53:06.637] - cafe.sessions.session_srv.euta.session_log - DEBUG: <<<<<<<<<<<<<<<<<<Exit Keyword: caferobot.command.adapter.CliAdapter.Cli
[2019-01-07 23:53:06.641] - cafe.sessions.session_srv.euta.session_log - DEBUG: <<<<<<<<<<<<<<<<<Exit Keyword: keyword_common.Axos Cli With Error Check
[2019-01-07 23:53:06.643] - cafe.sessions.session_srv.euta.session_log - DEBUG: >>>>>>>>>>>>>>>>>Enter For Keyword: ${element} IN [ @{list_cmd} ]
[2019-01-07 23:53:06.644] - cafe.sessions.session_srv.euta.session_log - DEBUG: >>>>>>>>>>>>>>>>>>Enter For Item Keyword: ${element} = transport-service-profile
[2019-01-07 23:53:06.645] - cafe.sessions.session_srv.euta.session_log - DEBUG: >>>>>>>>>>>>>>>>>>>Enter Keyword: keyword_common.Axos Cli With Error Check
[2019-01-07 23:53:06.646] - cafe.sessions.session_srv.euta.session_log - DEBUG: >>>>>>>>>>>>>>>>>>>>Enter Keyword: caferobot.command.adapter.CliAdapter.Cli
[2019-01-07 23:53:06.828] - cafe.sessions.session_srv.euta.session_log - INFO: NGPON2X4(config-ethernet-1/2/x11)# no transport-service-profile
[2019-01-07 23:53:06.954] - cafe.sessions.session_srv.euta.session_log - INFO: ---------------------------------------------------------------^
[2019-01-07 23:53:06.961] - cafe.sessions.session_srv.euta.session_log - INFO: syntax error: incomplete path
[2019-01-07 23:53:06.965] - cafe.sessions.session_srv.euta.session_log - DEBUG: <<<<<<<<<<<<<<<<<<<<Exit Keyword: caferobot.command.adapter.CliAdapter.Cli
[2019-01-07 23:53:06.969] - cafe.sessions.session_srv.euta.session_log - DEBUG: <<<<<<<<<<<<<<<<<<<Exit Keyword: keyword_common.Axos Cli With Error Check
[2019-01-07 23:53:06.970] - cafe.sessions.session_srv.euta.session_log - DEBUG: <<<<<<<<<<<<<<<<<<Exit For Item Keyword: ${element} = transport-service-profile
[2019-01-07 23:53:06.971] - cafe.sessions.session_srv.euta.session_log - DEBUG: <<<<<<<<<<<<<<<<<Exit For Keyword: ${element} IN [ @{list_cmd} ]
[2019-01-07 23:53:06.973] - cafe.sessions.session_srv.euta.session_log - DEBUG: >>>>>>>>>>>>>>>>>Enter Teardown Keyword: keyword_common.Axos Cli With Error Check
[2019-01-07 23:53:06.975] - cafe.sessions.session_srv.euta.session_log - DEBUG: >>>>>>>>>>>>>>>>>>Enter Keyword: caferobot.command.adapter.CliAdapter.Cli
[2019-01-07 23:53:07.273] - cafe.sessions.session_srv.euta.session_log - INFO: NGPON2X4(config-ethernet-1/2/x11)# end
[2019-01-07 23:53:07.493] - cafe.sessions.session_srv.euta.session_log - DEBUG: <<<<<<<<<<<<<<<<<<Exit Keyword: caferobot.command.adapter.CliAdapter.Cli
[2019-01-07 23:53:07.496] - cafe.sessions.session_srv.euta.session_log - DEBUG: <<<<<<<<<<<<<<<<<Exit Teardown Keyword: keyword_common.Axos Cli With Error Check
[2019-01-07 23:53:07.497] - cafe.sessions.session_srv.euta.session_log - DEBUG: <<<<<<<<<<<<<<<<Exit Keyword: keyword_command.dprov_interface_ethernet
[2019-01-07 23:53:07.498] - cafe.sessions.session_srv.euta.session_log - DEBUG: <<<<<<<<<<<<<<<Exit For Item Keyword: ${port_key} = interface1
[2019-01-07 23:53:07.500] - cafe.sessions.session_srv.euta.session_log - DEBUG: <<<<<<<<<<<<<<Exit For Keyword: ${port_key} IN [ @{service_model.${service_point}.member} ]
[2019-01-07 23:53:07.501] - cafe.sessions.session_srv.euta.session_log - DEBUG: <<<<<<<<<<<<<Exit Keyword: keyword_service_model.service_point_remove_transport_profile
[2019-01-07 23:53:07.503] - cafe.sessions.session_srv.euta.session_log - DEBUG: >>>>>>>>>>>>>Enter Keyword: BuiltIn.Run Keyword And Ignore Error
[2019-01-07 23:53:07.504] - cafe.sessions.session_srv.euta.session_log - DEBUG: >>>>>>>>>>>>>>Enter Keyword: keyword_command.delete_config_object
[2019-01-07 23:53:07.505] - cafe.sessions.session_srv.euta.session_log - DEBUG: >>>>>>>>>>>>>>>Enter Keyword: caferobot.command.adapter.CliAdapter.Cli
[2019-01-07 23:53:07.935] - cafe.sessions.session_srv.euta.session_log - INFO: NGPON2X4# configure
[2019-01-07 23:53:07.969] - cafe.sessions.session_srv.euta.session_log - INFO: Enter configuration commands, one per line. End with CNTL/Z.
[2019-01-07 23:53:08.139] - cafe.sessions.session_srv.euta.session_log - DEBUG: <<<<<<<<<<<<<<<Exit Keyword: caferobot.command.adapter.CliAdapter.Cli
[2019-01-07 23:53:08.142] - cafe.sessions.session_srv.euta.session_log - DEBUG: >>>>>>>>>>>>>>>Enter Keyword: keyword_common.Axos Cli With Error Check
[2019-01-07 23:53:08.144] - cafe.sessions.session_srv.euta.session_log - DEBUG: >>>>>>>>>>>>>>>>Enter Keyword: caferobot.command.adapter.CliAdapter.Cli
[2019-01-07 23:53:08.322] - cafe.sessions.session_srv.euta.session_log - INFO: NGPON2X4(config)# no transport-service-profile auto_TransVlan_777
[2019-01-07 23:53:09.189] - cafe.sessions.session_srv.euta.session_log - INFO: Aborted: illegal reference 'interface ethernet 1/1/x1 transport-service-profile'
[2019-01-07 23:53:09.190] - cafe.sessions.session_srv.euta.session_log - INFO: Error: failed to apply modifications
[2019-01-07 23:53:09.194] - cafe.sessions.session_srv.euta.session_log - DEBUG: <<<<<<<<<<<<<<<<Exit Keyword: caferobot.command.adapter.CliAdapter.Cli
[2019-01-07 23:53:09.198] - cafe.sessions.session_srv.euta.session_log - DEBUG: <<<<<<<<<<<<<<<Exit Keyword: keyword_common.Axos Cli With Error Check
[2019-01-07 23:53:09.200] - cafe.sessions.session_srv.euta.session_log - DEBUG: >>>>>>>>>>>>>>>Enter Teardown Keyword: caferobot.command.adapter.CliAdapter.Cli
[2019-01-07 23:53:09.375] - cafe.sessions.session_srv.euta.session_log - INFO: NGPON2X4(config)# end
[2019-01-07 23:53:09.443] - cafe.sessions.session_srv.euta.session_log - DEBUG: <<<<<<<<<<<<<<<Exit Teardown Keyword: caferobot.command.adapter.CliAdapter.Cli
[2019-01-07 23:53:09.444] - cafe.sessions.session_srv.euta.session_log - DEBUG: <<<<<<<<<<<<<<Exit Keyword: keyword_command.delete_config_object
[2019-01-07 23:53:09.446] - cafe.sessions.session_srv.euta.session_log - DEBUG: <<<<<<<<<<<<<Exit Keyword: BuiltIn.Run Keyword And Ignore Error
[2019-01-07 23:53:09.447] - cafe.sessions.session_srv.euta.session_log - DEBUG: <<<<<<<<<<<<Exit For Item Keyword: ${service_point} = service_point3
[2019-01-07 23:53:09.452] - cafe.sessions.session_srv.euta.session_log - DEBUG: >>>>>>>>>>>>Enter For Item Keyword: ${service_point} = service_point4
[2019-01-07 23:53:09.457] - cafe.sessions.session_srv.euta.session_log - DEBUG: >>>>>>>>>>>>>Enter Keyword: keyword_service_model.service_point_remove_transport_profile
[2019-01-07 23:53:09.461] - cafe.sessions.session_srv.euta.session_log - DEBUG: >>>>>>>>>>>>>>Enter For Keyword: ${port_key} IN [ @{service_model.${service_point}.member} ]
[2019-01-07 23:53:09.462] - cafe.sessions.session_srv.euta.session_log - DEBUG: >>>>>>>>>>>>>>>Enter For Item Keyword: ${port_key} = interface1
[2019-01-07 23:53:09.466] - cafe.sessions.session_srv.euta.session_log - DEBUG: >>>>>>>>>>>>>>>>Enter Keyword: caferobot.command.adapter.CliAdapter.Cli
[2019-01-07 23:53:09.653] - cafe.sessions.session_srv.euta.session_log - INFO: NGPON2X4# show running-config interface ethernet 1/2/x12
[2019-01-07 23:53:20.331] - cafe.sessions.session_srv.euta.session_log - INFO: interface ethernet 1/2/x12
[2019-01-07 23:53:20.332] - cafe.sessions.session_srv.euta.session_log - INFO: !
[2019-01-07 23:53:20.335] - cafe.sessions.session_srv.euta.session_log - DEBUG: <<<<<<<<<<<<<<<<Exit Keyword: caferobot.command.adapter.CliAdapter.Cli
[2019-01-07 23:53:20.338] - cafe.sessions.session_srv.euta.session_log - DEBUG: >>>>>>>>>>>>>>>>Enter Keyword: keyword_command.dprov_interface_ethernet
[2019-01-07 23:53:20.339] - cafe.sessions.session_srv.euta.session_log - DEBUG: >>>>>>>>>>>>>>>>>Enter Keyword: keyword_common.Axos Cli With Error Check
[2019-01-07 23:53:20.341] - cafe.sessions.session_srv.euta.session_log - DEBUG: >>>>>>>>>>>>>>>>>>Enter Keyword: caferobot.command.adapter.CliAdapter.Cli
[2019-01-07 23:53:20.522] - cafe.sessions.session_srv.euta.session_log - INFO: NGPON2X4# configure
[2019-01-07 23:53:20.637] - cafe.sessions.session_srv.euta.session_log - INFO: Enter configuration commands, one per line. End with CNTL/Z.
[2019-01-07 23:53:20.642] - cafe.sessions.session_srv.euta.session_log - DEBUG: <<<<<<<<<<<<<<<<<<Exit Keyword: caferobot.command.adapter.CliAdapter.Cli
[2019-01-07 23:53:20.647] - cafe.sessions.session_srv.euta.session_log - DEBUG: <<<<<<<<<<<<<<<<<Exit Keyword: keyword_common.Axos Cli With Error Check
[2019-01-07 23:53:20.651] - cafe.sessions.session_srv.euta.session_log - DEBUG: >>>>>>>>>>>>>>>>>Enter Keyword: keyword_common.Axos Cli With Error Check
[2019-01-07 23:53:20.654] - cafe.sessions.session_srv.euta.session_log - DEBUG: >>>>>>>>>>>>>>>>>>Enter Keyword: caferobot.command.adapter.CliAdapter.Cli
[2019-01-07 23:53:20.837] - cafe.sessions.session_srv.euta.session_log - INFO: NGPON2X4(config)# interface ethernet 1/2/x12
[2019-01-07 23:53:20.913] - cafe.sessions.session_srv.euta.session_log - DEBUG: <<<<<<<<<<<<<<<<<<Exit Keyword: caferobot.command.adapter.CliAdapter.Cli
[2019-01-07 23:53:20.918] - cafe.sessions.session_srv.euta.session_log - DEBUG: <<<<<<<<<<<<<<<<<Exit Keyword: keyword_common.Axos Cli With Error Check
[2019-01-07 23:53:20.923] - cafe.sessions.session_srv.euta.session_log - DEBUG: >>>>>>>>>>>>>>>>>Enter For Keyword: ${element} IN [ @{list_cmd} ]
[2019-01-07 23:53:20.924] - cafe.sessions.session_srv.euta.session_log - DEBUG: >>>>>>>>>>>>>>>>>>Enter For Item Keyword: ${element} = transport-service-profile
[2019-01-07 23:53:20.925] - cafe.sessions.session_srv.euta.session_log - DEBUG: >>>>>>>>>>>>>>>>>>>Enter Keyword: keyword_common.Axos Cli With Error Check
[2019-01-07 23:53:20.926] - cafe.sessions.session_srv.euta.session_log - DEBUG: >>>>>>>>>>>>>>>>>>>>Enter Keyword: caferobot.command.adapter.CliAdapter.Cli
[2019-01-07 23:53:21.182] - cafe.sessions.session_srv.euta.session_log - INFO: NGPON2X4(config-ethernet-1/2/x12)# no transport-service-profile
[2019-01-07 23:53:21.220] - cafe.sessions.session_srv.euta.session_log - INFO: ---------------------------------------------------------------^
[2019-01-07 23:53:21.228] - cafe.sessions.session_srv.euta.session_log - INFO: syntax error: incomplete path
[2019-01-07 23:53:21.258] - cafe.sessions.session_srv.euta.session_log - DEBUG: <<<<<<<<<<<<<<<<<<<<Exit Keyword: caferobot.command.adapter.CliAdapter.Cli
[2019-01-07 23:53:21.263] - cafe.sessions.session_srv.euta.session_log - DEBUG: <<<<<<<<<<<<<<<<<<<Exit Keyword: keyword_common.Axos Cli With Error Check
[2019-01-07 23:53:21.271] - cafe.sessions.session_srv.euta.session_log - DEBUG: <<<<<<<<<<<<<<<<<<Exit For Item Keyword: ${element} = transport-service-profile
[2019-01-07 23:53:21.275] - cafe.sessions.session_srv.euta.session_log - DEBUG: <<<<<<<<<<<<<<<<<Exit For Keyword: ${element} IN [ @{list_cmd} ]
[2019-01-07 23:53:21.278] - cafe.sessions.session_srv.euta.session_log - DEBUG: >>>>>>>>>>>>>>>>>Enter Teardown Keyword: keyword_common.Axos Cli With Error Check
[2019-01-07 23:53:21.280] - cafe.sessions.session_srv.euta.session_log - DEBUG: >>>>>>>>>>>>>>>>>>Enter Keyword: caferobot.command.adapter.CliAdapter.Cli
[2019-01-07 23:53:21.529] - cafe.sessions.session_srv.euta.session_log - INFO: NGPON2X4(config-ethernet-1/2/x12)# end
[2019-01-07 23:53:21.599] - cafe.sessions.session_srv.euta.session_log - DEBUG: <<<<<<<<<<<<<<<<<<Exit Keyword: caferobot.command.adapter.CliAdapter.Cli
[2019-01-07 23:53:21.605] - cafe.sessions.session_srv.euta.session_log - DEBUG: <<<<<<<<<<<<<<<<<Exit Teardown Keyword: keyword_common.Axos Cli With Error Check
[2019-01-07 23:53:21.606] - cafe.sessions.session_srv.euta.session_log - DEBUG: <<<<<<<<<<<<<<<<Exit Keyword: keyword_command.dprov_interface_ethernet
[2019-01-07 23:53:21.608] - cafe.sessions.session_srv.euta.session_log - DEBUG: <<<<<<<<<<<<<<<Exit For Item Keyword: ${port_key} = interface1
[2019-01-07 23:53:21.611] - cafe.sessions.session_srv.euta.session_log - DEBUG: <<<<<<<<<<<<<<Exit For Keyword: ${port_key} IN [ @{service_model.${service_point}.member} ]
[2019-01-07 23:53:21.614] - cafe.sessions.session_srv.euta.session_log - DEBUG: <<<<<<<<<<<<<Exit Keyword: keyword_service_model.service_point_remove_transport_profile
[2019-01-07 23:53:21.617] - cafe.sessions.session_srv.euta.session_log - DEBUG: >>>>>>>>>>>>>Enter Keyword: BuiltIn.Run Keyword And Ignore Error
[2019-01-07 23:53:21.618] - cafe.sessions.session_srv.euta.session_log - DEBUG: >>>>>>>>>>>>>>Enter Keyword: keyword_command.delete_config_object
[2019-01-07 23:53:21.619] - cafe.sessions.session_srv.euta.session_log - DEBUG: >>>>>>>>>>>>>>>Enter Keyword: caferobot.command.adapter.CliAdapter.Cli
[2019-01-07 23:53:21.802] - cafe.sessions.session_srv.euta.session_log - INFO: NGPON2X4# configure
[2019-01-07 23:53:21.867] - cafe.sessions.session_srv.euta.session_log - INFO: Enter configuration commands, one per line. End with CNTL/Z.
[2019-01-07 23:53:21.868] - cafe.sessions.session_srv.euta.session_log - INFO: Current configuration users:
[2019-01-07 23:53:21.868] - cafe.sessions.session_srv.euta.session_log - INFO: sysadmin ssh (cli from 10.200.201.26) on since 2019-01-07 23:35:23 terminal mode
[2019-01-07 23:53:21.874] - cafe.sessions.session_srv.euta.session_log - DEBUG: <<<<<<<<<<<<<<<Exit Keyword: caferobot.command.adapter.CliAdapter.Cli
[2019-01-07 23:53:21.876] - cafe.sessions.session_srv.euta.session_log - DEBUG: >>>>>>>>>>>>>>>Enter Keyword: keyword_common.Axos Cli With Error Check
[2019-01-07 23:53:21.878] - cafe.sessions.session_srv.euta.session_log - DEBUG: >>>>>>>>>>>>>>>>Enter Keyword: caferobot.command.adapter.CliAdapter.Cli
[2019-01-07 23:53:22.69] - cafe.sessions.session_srv.euta.session_log - INFO: NGPON2X4(config)# no transport-service-profile auto_TransVlan_777
[2019-01-07 23:53:22.497] - cafe.sessions.session_srv.euta.session_log - INFO: Aborted: illegal reference 'interface ethernet 1/1/x1 transport-service-profile'
[2019-01-07 23:53:22.498] - cafe.sessions.session_srv.euta.session_log - INFO: Error: failed to apply modifications
[2019-01-07 23:53:22.535] - cafe.sessions.session_srv.euta.session_log - DEBUG: <<<<<<<<<<<<<<<<Exit Keyword: caferobot.command.adapter.CliAdapter.Cli
[2019-01-07 23:53:22.546] - cafe.sessions.session_srv.euta.session_log - DEBUG: <<<<<<<<<<<<<<<Exit Keyword: keyword_common.Axos Cli With Error Check
[2019-01-07 23:53:22.550] - cafe.sessions.session_srv.euta.session_log - DEBUG: >>>>>>>>>>>>>>>Enter Teardown Keyword: caferobot.command.adapter.CliAdapter.Cli
[2019-01-07 23:53:22.747] - cafe.sessions.session_srv.euta.session_log - INFO: NGPON2X4(config)# end
[2019-01-07 23:53:22.823] - cafe.sessions.session_srv.euta.session_log - DEBUG: <<<<<<<<<<<<<<<Exit Teardown Keyword: caferobot.command.adapter.CliAdapter.Cli
[2019-01-07 23:53:22.824] - cafe.sessions.session_srv.euta.session_log - DEBUG: <<<<<<<<<<<<<<Exit Keyword: keyword_command.delete_config_object
[2019-01-07 23:53:22.825] - cafe.sessions.session_srv.euta.session_log - DEBUG: <<<<<<<<<<<<<Exit Keyword: BuiltIn.Run Keyword And Ignore Error
[2019-01-07 23:53:22.827] - cafe.sessions.session_srv.euta.session_log - DEBUG: <<<<<<<<<<<<Exit For Item Keyword: ${service_point} = service_point4
[2019-01-07 23:53:22.828] - cafe.sessions.session_srv.euta.session_log - DEBUG: <<<<<<<<<<<Exit For Keyword: ${service_point} IN [ @{service_model.${service_point_list}} ]
[2019-01-07 23:53:22.830] - cafe.sessions.session_srv.euta.session_log - DEBUG: <<<<<<<<<<Exit Keyword: keyword_service_model.service_point_remove_vlan
[2019-01-07 23:53:22.834] - cafe.sessions.session_srv.euta.session_log - DEBUG: >>>>>>>>>>Enter Keyword: keyword_command.dprov_vlan
[2019-01-07 23:53:22.835] - cafe.sessions.session_srv.euta.session_log - DEBUG: >>>>>>>>>>>Enter Keyword: caferobot.command.adapter.CliAdapter.Cli
[2019-01-07 23:53:23.14] - cafe.sessions.session_srv.euta.session_log - INFO: NGPON2X4# configure
[2019-01-07 23:53:23.78] - cafe.sessions.session_srv.euta.session_log - INFO: Enter configuration commands, one per line. End with CNTL/Z.
[2019-01-07 23:53:23.104] - cafe.sessions.session_srv.euta.session_log - DEBUG: <<<<<<<<<<<Exit Keyword: caferobot.command.adapter.CliAdapter.Cli
[2019-01-07 23:53:23.107] - cafe.sessions.session_srv.euta.session_log - DEBUG: >>>>>>>>>>>Enter Keyword: caferobot.command.adapter.CliAdapter.Cli
[2019-01-07 23:53:23.285] - cafe.sessions.session_srv.euta.session_log - INFO: NGPON2X4(config)# vlan 777
[2019-01-07 23:53:23.359] - cafe.sessions.session_srv.euta.session_log - DEBUG: <<<<<<<<<<<Exit Keyword: caferobot.command.adapter.CliAdapter.Cli
[2019-01-07 23:53:23.364] - cafe.sessions.session_srv.euta.session_log - DEBUG: >>>>>>>>>>>Enter Teardown Keyword: caferobot.command.adapter.CliAdapter.Cli
[2019-01-07 23:53:23.553] - cafe.sessions.session_srv.euta.session_log - INFO: NGPON2X4(config-vlan-777)# end
[2019-01-07 23:53:23.623] - cafe.sessions.session_srv.euta.session_log - DEBUG: <<<<<<<<<<<Exit Teardown Keyword: caferobot.command.adapter.CliAdapter.Cli
[2019-01-07 23:53:23.625] - cafe.sessions.session_srv.euta.session_log - DEBUG: <<<<<<<<<<Exit Keyword: keyword_command.dprov_vlan
[2019-01-07 23:53:23.628] - cafe.sessions.session_srv.euta.session_log - DEBUG: >>>>>>>>>>Enter Keyword: keyword_service_model.service_point_dprov
[2019-01-07 23:53:23.629] - cafe.sessions.session_srv.euta.session_log - DEBUG: >>>>>>>>>>>Enter For Keyword: ${service_point} IN [ @{service_model.${service_point_list}} ]
[2019-01-07 23:53:23.630] - cafe.sessions.session_srv.euta.session_log - DEBUG: >>>>>>>>>>>>Enter For Item Keyword: ${service_point} = service_point1
[2019-01-07 23:53:23.635] - cafe.sessions.session_srv.euta.session_log - DEBUG: >>>>>>>>>>>>>Enter Keyword: BuiltIn.Run Keyword
[2019-01-07 23:53:23.636] - cafe.sessions.session_srv.euta.session_log - DEBUG: >>>>>>>>>>>>>>Enter Keyword: keyword_service_model.service_point_eth_dprov
[2019-01-07 23:53:23.639] - cafe.sessions.session_srv.euta.session_log - DEBUG: >>>>>>>>>>>>>>>Enter For Keyword: ${port_key} IN [ @{service_model.${service_point}.member} ]
[2019-01-07 23:53:23.640] - cafe.sessions.session_srv.euta.session_log - DEBUG: >>>>>>>>>>>>>>>>Enter For Item Keyword: ${port_key} = interface1
[2019-01-07 23:53:23.645] - cafe.sessions.session_srv.euta.session_log - DEBUG: >>>>>>>>>>>>>>>>>Enter Keyword: keyword_command.dprov_interface_ethernet
[2019-01-07 23:53:23.646] - cafe.sessions.session_srv.euta.session_log - DEBUG: >>>>>>>>>>>>>>>>>>Enter Keyword: keyword_common.Axos Cli With Error Check
[2019-01-07 23:53:23.647] - cafe.sessions.session_srv.euta.session_log - DEBUG: >>>>>>>>>>>>>>>>>>>Enter Keyword: caferobot.command.adapter.CliAdapter.Cli
[2019-01-07 23:53:23.849] - cafe.sessions.session_srv.euta.session_log - INFO: NGPON2X4# configure
[2019-01-07 23:53:23.917] - cafe.sessions.session_srv.euta.session_log - INFO: Enter configuration commands, one per line. End with CNTL/Z.
[2019-01-07 23:53:23.918] - cafe.sessions.session_srv.euta.session_log - INFO: Current configuration users:
[2019-01-07 23:53:23.919] - cafe.sessions.session_srv.euta.session_log - INFO: sysadmin ssh (cli from 10.200.201.26) on since 2019-01-07 23:35:23 terminal mode
[2019-01-07 23:53:23.960] - cafe.sessions.session_srv.euta.session_log - DEBUG: <<<<<<<<<<<<<<<<<<<Exit Keyword: caferobot.command.adapter.CliAdapter.Cli
[2019-01-07 23:53:23.963] - cafe.sessions.session_srv.euta.session_log - DEBUG: <<<<<<<<<<<<<<<<<<Exit Keyword: keyword_common.Axos Cli With Error Check
[2019-01-07 23:53:23.965] - cafe.sessions.session_srv.euta.session_log - DEBUG: >>>>>>>>>>>>>>>>>>Enter Keyword: keyword_common.Axos Cli With Error Check
[2019-01-07 23:53:23.967] - cafe.sessions.session_srv.euta.session_log - DEBUG: >>>>>>>>>>>>>>>>>>>Enter Keyword: caferobot.command.adapter.CliAdapter.Cli
[2019-01-07 23:53:24.149] - cafe.sessions.session_srv.euta.session_log - INFO: NGPON2X4(config)# interface ethernet 1/1/x3
[2019-01-07 23:53:24.268] - cafe.sessions.session_srv.euta.session_log - DEBUG: <<<<<<<<<<<<<<<<<<<Exit Keyword: caferobot.command.adapter.CliAdapter.Cli
[2019-01-07 23:53:24.271] - cafe.sessions.session_srv.euta.session_log - DEBUG: <<<<<<<<<<<<<<<<<<Exit Keyword: keyword_common.Axos Cli With Error Check
[2019-01-07 23:53:24.272] - cafe.sessions.session_srv.euta.session_log - DEBUG: >>>>>>>>>>>>>>>>>>Enter For Keyword: ${element} IN [ @{list_cmd} ]
[2019-01-07 23:53:24.273] - cafe.sessions.session_srv.euta.session_log - DEBUG: >>>>>>>>>>>>>>>>>>>Enter For Item Keyword: ${element} = role
[2019-01-07 23:53:24.274] - cafe.sessions.session_srv.euta.session_log - DEBUG: >>>>>>>>>>>>>>>>>>>>Enter Keyword: keyword_common.Axos Cli With Error Check
[2019-01-07 23:53:24.275] - cafe.sessions.session_srv.euta.session_log - DEBUG: >>>>>>>>>>>>>>>>>>>>>Enter Keyword: caferobot.command.adapter.CliAdapter.Cli
[2019-01-07 23:53:24.532] - cafe.sessions.session_srv.euta.session_log - INFO: NGPON2X4(config-ethernet-1/1/x3)# no role
[2019-01-07 23:53:24.567] - cafe.sessions.session_srv.euta.session_log - INFO: Error: element not found
[2019-01-07 23:53:24.612] - cafe.sessions.session_srv.euta.session_log - DEBUG: <<<<<<<<<<<<<<<<<<<<<Exit Keyword: caferobot.command.adapter.CliAdapter.Cli
[2019-01-07 23:53:24.622] - cafe.sessions.session_srv.euta.session_log - DEBUG: <<<<<<<<<<<<<<<<<<<<Exit Keyword: keyword_common.Axos Cli With Error Check
[2019-01-07 23:53:24.629] - cafe.sessions.session_srv.euta.session_log - DEBUG: <<<<<<<<<<<<<<<<<<<Exit For Item Keyword: ${element} = role
[2019-01-07 23:53:24.633] - cafe.sessions.session_srv.euta.session_log - DEBUG: <<<<<<<<<<<<<<<<<<Exit For Keyword: ${element} IN [ @{list_cmd} ]
[2019-01-07 23:53:24.637] - cafe.sessions.session_srv.euta.session_log - DEBUG: >>>>>>>>>>>>>>>>>>Enter Teardown Keyword: keyword_common.Axos Cli With Error Check
[2019-01-07 23:53:24.638] - cafe.sessions.session_srv.euta.session_log - DEBUG: >>>>>>>>>>>>>>>>>>>Enter Keyword: caferobot.command.adapter.CliAdapter.Cli
[2019-01-07 23:53:24.830] - cafe.sessions.session_srv.euta.session_log - INFO: NGPON2X4(config-ethernet-1/1/x3)# end
[2019-01-07 23:53:24.998] - cafe.sessions.session_srv.euta.session_log - DEBUG: <<<<<<<<<<<<<<<<<<<Exit Keyword: caferobot.command.adapter.CliAdapter.Cli
[2019-01-07 23:53:25.1] - cafe.sessions.session_srv.euta.session_log - DEBUG: <<<<<<<<<<<<<<<<<<Exit Teardown Keyword: keyword_common.Axos Cli With Error Check
[2019-01-07 23:53:25.3] - cafe.sessions.session_srv.euta.session_log - DEBUG: <<<<<<<<<<<<<<<<<Exit Keyword: keyword_command.dprov_interface_ethernet
[2019-01-07 23:53:25.5] - cafe.sessions.session_srv.euta.session_log - DEBUG: >>>>>>>>>>>>>>>>>Enter Keyword: keyword_command.shutdown_port
[2019-01-07 23:53:25.6] - cafe.sessions.session_srv.euta.session_log - DEBUG: >>>>>>>>>>>>>>>>>>Enter Keyword: keyword_common.Axos Cli With Error Check
[2019-01-07 23:53:25.7] - cafe.sessions.session_srv.euta.session_log - DEBUG: >>>>>>>>>>>>>>>>>>>Enter Keyword: caferobot.command.adapter.CliAdapter.Cli
[2019-01-07 23:53:25.188] - cafe.sessions.session_srv.euta.session_log - INFO: NGPON2X4# configure
[2019-01-07 23:53:25.253] - cafe.sessions.session_srv.euta.session_log - INFO: Enter configuration commands, one per line. End with CNTL/Z.
[2019-01-07 23:53:25.254] - cafe.sessions.session_srv.euta.session_log - INFO: Current configuration users:
[2019-01-07 23:53:25.255] - cafe.sessions.session_srv.euta.session_log - INFO: sysadmin ssh (cli from 10.200.201.26) on since 2019-01-07 23:35:23 terminal mode
[2019-01-07 23:53:25.292] - cafe.sessions.session_srv.euta.session_log - DEBUG: <<<<<<<<<<<<<<<<<<<Exit Keyword: caferobot.command.adapter.CliAdapter.Cli
[2019-01-07 23:53:25.296] - cafe.sessions.session_srv.euta.session_log - DEBUG: <<<<<<<<<<<<<<<<<<Exit Keyword: keyword_common.Axos Cli With Error Check
[2019-01-07 23:53:25.298] - cafe.sessions.session_srv.euta.session_log - DEBUG: >>>>>>>>>>>>>>>>>>Enter Keyword: keyword_common.Axos Cli With Error Check
[2019-01-07 23:53:25.300] - cafe.sessions.session_srv.euta.session_log - DEBUG: >>>>>>>>>>>>>>>>>>>Enter Keyword: caferobot.command.adapter.CliAdapter.Cli
[2019-01-07 23:53:25.476] - cafe.sessions.session_srv.euta.session_log - INFO: NGPON2X4(config)# interface ethernet 1/1/x3
[2019-01-07 23:53:25.557] - cafe.sessions.session_srv.euta.session_log - DEBUG: <<<<<<<<<<<<<<<<<<<Exit Keyword: caferobot.command.adapter.CliAdapter.Cli
[2019-01-07 23:53:25.563] - cafe.sessions.session_srv.euta.session_log - DEBUG: <<<<<<<<<<<<<<<<<<Exit Keyword: keyword_common.Axos Cli With Error Check
[2019-01-07 23:53:25.578] - cafe.sessions.session_srv.euta.session_log - DEBUG: >>>>>>>>>>>>>>>>>>Enter Keyword: keyword_common.Axos Cli With Error Check
[2019-01-07 23:53:25.580] - cafe.sessions.session_srv.euta.session_log - DEBUG: >>>>>>>>>>>>>>>>>>>Enter Keyword: caferobot.command.adapter.CliAdapter.Cli
[2019-01-07 23:53:25.768] - cafe.sessions.session_srv.euta.session_log - INFO: NGPON2X4(config-ethernet-1/1/x3)# shutdown
[2019-01-07 23:53:25.805] - cafe.sessions.session_srv.euta.session_log - DEBUG: <<<<<<<<<<<<<<<<<<<Exit Keyword: caferobot.command.adapter.CliAdapter.Cli
[2019-01-07 23:53:25.809] - cafe.sessions.session_srv.euta.session_log - DEBUG: <<<<<<<<<<<<<<<<<<Exit Keyword: keyword_common.Axos Cli With Error Check
[2019-01-07 23:53:25.811] - cafe.sessions.session_srv.euta.session_log - DEBUG: >>>>>>>>>>>>>>>>>>Enter Teardown Keyword: keyword_common.Axos Cli With Error Check
[2019-01-07 23:53:25.813] - cafe.sessions.session_srv.euta.session_log - DEBUG: >>>>>>>>>>>>>>>>>>>Enter Keyword: caferobot.command.adapter.CliAdapter.Cli
[2019-01-07 23:53:26.6] - cafe.sessions.session_srv.euta.session_log - INFO: NGPON2X4(config-ethernet-1/1/x3)# end
[2019-01-07 23:53:26.126] - cafe.sessions.session_srv.euta.session_log - DEBUG: <<<<<<<<<<<<<<<<<<<Exit Keyword: caferobot.command.adapter.CliAdapter.Cli
[2019-01-07 23:53:26.129] - cafe.sessions.session_srv.euta.session_log - DEBUG: <<<<<<<<<<<<<<<<<<Exit Teardown Keyword: keyword_common.Axos Cli With Error Check
[2019-01-07 23:53:26.130] - cafe.sessions.session_srv.euta.session_log - DEBUG: <<<<<<<<<<<<<<<<<Exit Keyword: keyword_command.shutdown_port
[2019-01-07 23:53:26.131] - cafe.sessions.session_srv.euta.session_log - DEBUG: <<<<<<<<<<<<<<<<Exit For Item Keyword: ${port_key} = interface1
[2019-01-07 23:53:26.132] - cafe.sessions.session_srv.euta.session_log - DEBUG: <<<<<<<<<<<<<<<Exit For Keyword: ${port_key} IN [ @{service_model.${service_point}.member} ]
[2019-01-07 23:53:26.134] - cafe.sessions.session_srv.euta.session_log - DEBUG: <<<<<<<<<<<<<<Exit Keyword: keyword_service_model.service_point_eth_dprov
[2019-01-07 23:53:26.135] - cafe.sessions.session_srv.euta.session_log - DEBUG: <<<<<<<<<<<<<Exit Keyword: BuiltIn.Run Keyword
[2019-01-07 23:53:26.136] - cafe.sessions.session_srv.euta.session_log - DEBUG: <<<<<<<<<<<<Exit For Item Keyword: ${service_point} = service_point1
[2019-01-07 23:53:26.138] - cafe.sessions.session_srv.euta.session_log - DEBUG: >>>>>>>>>>>>Enter For Item Keyword: ${service_point} = service_point2
[2019-01-07 23:53:26.142] - cafe.sessions.session_srv.euta.session_log - DEBUG: >>>>>>>>>>>>>Enter Keyword: BuiltIn.Run Keyword
[2019-01-07 23:53:26.144] - cafe.sessions.session_srv.euta.session_log - DEBUG: >>>>>>>>>>>>>>Enter Keyword: keyword_service_model.service_point_eth_dprov
[2019-01-07 23:53:26.147] - cafe.sessions.session_srv.euta.session_log - DEBUG: >>>>>>>>>>>>>>>Enter For Keyword: ${port_key} IN [ @{service_model.${service_point}.member} ]
[2019-01-07 23:53:26.148] - cafe.sessions.session_srv.euta.session_log - DEBUG: >>>>>>>>>>>>>>>>Enter For Item Keyword: ${port_key} = interface1
[2019-01-07 23:53:26.153] - cafe.sessions.session_srv.euta.session_log - DEBUG: >>>>>>>>>>>>>>>>>Enter Keyword: keyword_command.dprov_interface_ethernet
[2019-01-07 23:53:26.154] - cafe.sessions.session_srv.euta.session_log - DEBUG: >>>>>>>>>>>>>>>>>>Enter Keyword: keyword_common.Axos Cli With Error Check
[2019-01-07 23:53:26.156] - cafe.sessions.session_srv.euta.session_log - DEBUG: >>>>>>>>>>>>>>>>>>>Enter Keyword: caferobot.command.adapter.CliAdapter.Cli
[2019-01-07 23:53:26.340] - cafe.sessions.session_srv.euta.session_log - INFO: NGPON2X4# configure
[2019-01-07 23:53:26.405] - cafe.sessions.session_srv.euta.session_log - INFO: Enter configuration commands, one per line. End with CNTL/Z.
[2019-01-07 23:53:26.406] - cafe.sessions.session_srv.euta.session_log - INFO: Current configuration users:
[2019-01-07 23:53:26.407] - cafe.sessions.session_srv.euta.session_log - INFO: sysadmin ssh (cli from 10.200.201.26) on since 2019-01-07 23:35:23 terminal mode
[2019-01-07 23:53:26.415] - cafe.sessions.session_srv.euta.session_log - DEBUG: <<<<<<<<<<<<<<<<<<<Exit Keyword: caferobot.command.adapter.CliAdapter.Cli
[2019-01-07 23:53:26.422] - cafe.sessions.session_srv.euta.session_log - DEBUG: <<<<<<<<<<<<<<<<<<Exit Keyword: keyword_common.Axos Cli With Error Check
[2019-01-07 23:53:26.426] - cafe.sessions.session_srv.euta.session_log - DEBUG: >>>>>>>>>>>>>>>>>>Enter Keyword: keyword_common.Axos Cli With Error Check
[2019-01-07 23:53:26.427] - cafe.sessions.session_srv.euta.session_log - DEBUG: >>>>>>>>>>>>>>>>>>>Enter Keyword: caferobot.command.adapter.CliAdapter.Cli
[2019-01-07 23:53:26.606] - cafe.sessions.session_srv.euta.session_log - INFO: NGPON2X4(config)# interface ethernet 1/1/x4
[2019-01-07 23:53:26.674] - cafe.sessions.session_srv.euta.session_log - DEBUG: <<<<<<<<<<<<<<<<<<<Exit Keyword: caferobot.command.adapter.CliAdapter.Cli
[2019-01-07 23:53:26.680] - cafe.sessions.session_srv.euta.session_log - DEBUG: <<<<<<<<<<<<<<<<<<Exit Keyword: keyword_common.Axos Cli With Error Check
[2019-01-07 23:53:26.682] - cafe.sessions.session_srv.euta.session_log - DEBUG: >>>>>>>>>>>>>>>>>>Enter For Keyword: ${element} IN [ @{list_cmd} ]
[2019-01-07 23:53:26.683] - cafe.sessions.session_srv.euta.session_log - DEBUG: >>>>>>>>>>>>>>>>>>>Enter For Item Keyword: ${element} = role
[2019-01-07 23:53:26.684] - cafe.sessions.session_srv.euta.session_log - DEBUG: >>>>>>>>>>>>>>>>>>>>Enter Keyword: keyword_common.Axos Cli With Error Check
[2019-01-07 23:53:26.686] - cafe.sessions.session_srv.euta.session_log - DEBUG: >>>>>>>>>>>>>>>>>>>>>Enter Keyword: caferobot.command.adapter.CliAdapter.Cli
[2019-01-07 23:53:26.867] - cafe.sessions.session_srv.euta.session_log - INFO: NGPON2X4(config-ethernet-1/1/x4)# no role
[2019-01-07 23:53:27.32] - cafe.sessions.session_srv.euta.session_log - INFO: Aborted: Semantic check failure: Can't delete service role when erps ring is configured
[2019-01-07 23:53:27.33] - cafe.sessions.session_srv.euta.session_log - INFO: Error: failed to apply modifications
[2019-01-07 23:53:27.37] - cafe.sessions.session_srv.euta.session_log - DEBUG: <<<<<<<<<<<<<<<<<<<<<Exit Keyword: caferobot.command.adapter.CliAdapter.Cli
[2019-01-07 23:53:27.41] - cafe.sessions.session_srv.euta.session_log - DEBUG: <<<<<<<<<<<<<<<<<<<<Exit Keyword: keyword_common.Axos Cli With Error Check
[2019-01-07 23:53:27.43] - cafe.sessions.session_srv.euta.session_log - DEBUG: <<<<<<<<<<<<<<<<<<<Exit For Item Keyword: ${element} = role
[2019-01-07 23:53:27.44] - cafe.sessions.session_srv.euta.session_log - DEBUG: <<<<<<<<<<<<<<<<<<Exit For Keyword: ${element} IN [ @{list_cmd} ]
[2019-01-07 23:53:27.46] - cafe.sessions.session_srv.euta.session_log - DEBUG: >>>>>>>>>>>>>>>>>>Enter Teardown Keyword: keyword_common.Axos Cli With Error Check
[2019-01-07 23:53:27.48] - cafe.sessions.session_srv.euta.session_log - DEBUG: >>>>>>>>>>>>>>>>>>>Enter Keyword: caferobot.command.adapter.CliAdapter.Cli
[2019-01-07 23:53:27.346] - cafe.sessions.session_srv.euta.session_log - INFO: NGPON2X4(config-ethernet-1/1/x4)# end
[2019-01-07 23:53:27.490] - cafe.sessions.session_srv.euta.session_log - DEBUG: <<<<<<<<<<<<<<<<<<<Exit Keyword: caferobot.command.adapter.CliAdapter.Cli
[2019-01-07 23:53:27.493] - cafe.sessions.session_srv.euta.session_log - DEBUG: <<<<<<<<<<<<<<<<<<Exit Teardown Keyword: keyword_common.Axos Cli With Error Check
[2019-01-07 23:53:27.494] - cafe.sessions.session_srv.euta.session_log - DEBUG: <<<<<<<<<<<<<<<<<Exit Keyword: keyword_command.dprov_interface_ethernet
[2019-01-07 23:53:27.496] - cafe.sessions.session_srv.euta.session_log - DEBUG: >>>>>>>>>>>>>>>>>Enter Keyword: keyword_command.shutdown_port
[2019-01-07 23:53:27.497] - cafe.sessions.session_srv.euta.session_log - DEBUG: >>>>>>>>>>>>>>>>>>Enter Keyword: keyword_common.Axos Cli With Error Check
[2019-01-07 23:53:27.498] - cafe.sessions.session_srv.euta.session_log - DEBUG: >>>>>>>>>>>>>>>>>>>Enter Keyword: caferobot.command.adapter.CliAdapter.Cli
[2019-01-07 23:53:27.728] - cafe.sessions.session_srv.euta.session_log - INFO: NGPON2X4# configure
[2019-01-07 23:53:27.793] - cafe.sessions.session_srv.euta.session_log - INFO: Enter configuration commands, one per line. End with CNTL/Z.
[2019-01-07 23:53:27.803] - cafe.sessions.session_srv.euta.session_log - INFO: Current configuration users:
[2019-01-07 23:53:27.804] - cafe.sessions.session_srv.euta.session_log - INFO: sysadmin ssh (cli from 10.200.201.26) on since 2019-01-07 23:35:23 terminal mode
[2019-01-07 23:53:27.807] - cafe.sessions.session_srv.euta.session_log - DEBUG: <<<<<<<<<<<<<<<<<<<Exit Keyword: caferobot.command.adapter.CliAdapter.Cli
[2019-01-07 23:53:27.810] - cafe.sessions.session_srv.euta.session_log - DEBUG: <<<<<<<<<<<<<<<<<<Exit Keyword: keyword_common.Axos Cli With Error Check
[2019-01-07 23:53:27.812] - cafe.sessions.session_srv.euta.session_log - DEBUG: >>>>>>>>>>>>>>>>>>Enter Keyword: keyword_common.Axos Cli With Error Check
[2019-01-07 23:53:27.813] - cafe.sessions.session_srv.euta.session_log - DEBUG: >>>>>>>>>>>>>>>>>>>Enter Keyword: caferobot.command.adapter.CliAdapter.Cli
[2019-01-07 23:53:27.991] - cafe.sessions.session_srv.euta.session_log - INFO: NGPON2X4(config)# interface ethernet 1/1/x4
[2019-01-07 23:53:28.60] - cafe.sessions.session_srv.euta.session_log - DEBUG: <<<<<<<<<<<<<<<<<<<Exit Keyword: caferobot.command.adapter.CliAdapter.Cli
[2019-01-07 23:53:28.64] - cafe.sessions.session_srv.euta.session_log - DEBUG: <<<<<<<<<<<<<<<<<<Exit Keyword: keyword_common.Axos Cli With Error Check
[2019-01-07 23:53:28.66] - cafe.sessions.session_srv.euta.session_log - DEBUG: >>>>>>>>>>>>>>>>>>Enter Keyword: keyword_common.Axos Cli With Error Check
[2019-01-07 23:53:28.67] - cafe.sessions.session_srv.euta.session_log - DEBUG: >>>>>>>>>>>>>>>>>>>Enter Keyword: caferobot.command.adapter.CliAdapter.Cli
[2019-01-07 23:53:28.248] - cafe.sessions.session_srv.euta.session_log - INFO: NGPON2X4(config-ethernet-1/1/x4)# shutdown
[2019-01-07 23:53:34.239] - cafe.sessions.session_srv.euta.session_log - DEBUG: <<<<<<<<<<<<<<<<<<<Exit Keyword: caferobot.command.adapter.CliAdapter.Cli
[2019-01-07 23:53:34.242] - cafe.sessions.session_srv.euta.session_log - DEBUG: <<<<<<<<<<<<<<<<<<Exit Keyword: keyword_common.Axos Cli With Error Check
[2019-01-07 23:53:34.244] - cafe.sessions.session_srv.euta.session_log - DEBUG: >>>>>>>>>>>>>>>>>>Enter Teardown Keyword: keyword_common.Axos Cli With Error Check
[2019-01-07 23:53:34.245] - cafe.sessions.session_srv.euta.session_log - DEBUG: >>>>>>>>>>>>>>>>>>>Enter Keyword: caferobot.command.adapter.CliAdapter.Cli
[2019-01-07 23:53:34.623] - cafe.sessions.session_srv.euta.session_log - INFO: NGPON2X4(config-ethernet-1/1/x4)# end
[2019-01-07 23:53:34.691] - cafe.sessions.session_srv.euta.session_log - DEBUG: <<<<<<<<<<<<<<<<<<<Exit Keyword: caferobot.command.adapter.CliAdapter.Cli
[2019-01-07 23:53:34.694] - cafe.sessions.session_srv.euta.session_log - DEBUG: <<<<<<<<<<<<<<<<<<Exit Teardown Keyword: keyword_common.Axos Cli With Error Check
[2019-01-07 23:53:34.695] - cafe.sessions.session_srv.euta.session_log - DEBUG: <<<<<<<<<<<<<<<<<Exit Keyword: keyword_command.shutdown_port
[2019-01-07 23:53:34.697] - cafe.sessions.session_srv.euta.session_log - DEBUG: <<<<<<<<<<<<<<<<Exit For Item Keyword: ${port_key} = interface1
[2019-01-07 23:53:34.698] - cafe.sessions.session_srv.euta.session_log - DEBUG: <<<<<<<<<<<<<<<Exit For Keyword: ${port_key} IN [ @{service_model.${service_point}.member} ]
[2019-01-07 23:53:34.699] - cafe.sessions.session_srv.euta.session_log - DEBUG: <<<<<<<<<<<<<<Exit Keyword: keyword_service_model.service_point_eth_dprov
[2019-01-07 23:53:34.700] - cafe.sessions.session_srv.euta.session_log - DEBUG: <<<<<<<<<<<<<Exit Keyword: BuiltIn.Run Keyword
[2019-01-07 23:53:34.702] - cafe.sessions.session_srv.euta.session_log - DEBUG: <<<<<<<<<<<<Exit For Item Keyword: ${service_point} = service_point2
[2019-01-07 23:53:34.703] - cafe.sessions.session_srv.euta.session_log - DEBUG: >>>>>>>>>>>>Enter For Item Keyword: ${service_point} = service_point3
[2019-01-07 23:53:34.708] - cafe.sessions.session_srv.euta.session_log - DEBUG: >>>>>>>>>>>>>Enter Keyword: BuiltIn.Run Keyword
[2019-01-07 23:53:34.710] - cafe.sessions.session_srv.euta.session_log - DEBUG: >>>>>>>>>>>>>>Enter Keyword: keyword_service_model.service_point_eth_dprov
[2019-01-07 23:53:34.713] - cafe.sessions.session_srv.euta.session_log - DEBUG: >>>>>>>>>>>>>>>Enter For Keyword: ${port_key} IN [ @{service_model.${service_point}.member} ]
[2019-01-07 23:53:34.714] - cafe.sessions.session_srv.euta.session_log - DEBUG: >>>>>>>>>>>>>>>>Enter For Item Keyword: ${port_key} = interface1
[2019-01-07 23:53:34.720] - cafe.sessions.session_srv.euta.session_log - DEBUG: >>>>>>>>>>>>>>>>>Enter Keyword: keyword_command.dprov_interface_ethernet
[2019-01-07 23:53:34.722] - cafe.sessions.session_srv.euta.session_log - DEBUG: >>>>>>>>>>>>>>>>>>Enter Keyword: keyword_common.Axos Cli With Error Check
[2019-01-07 23:53:34.724] - cafe.sessions.session_srv.euta.session_log - DEBUG: >>>>>>>>>>>>>>>>>>>Enter Keyword: caferobot.command.adapter.CliAdapter.Cli
[2019-01-07 23:53:35.67] - cafe.sessions.session_srv.euta.session_log - INFO: NGPON2X4# configure
[2019-01-07 23:53:35.132] - cafe.sessions.session_srv.euta.session_log - INFO: Enter configuration commands, one per line. End with CNTL/Z.
[2019-01-07 23:53:35.142] - cafe.sessions.session_srv.euta.session_log - INFO: Current configuration users:
[2019-01-07 23:53:35.148] - cafe.sessions.session_srv.euta.session_log - INFO: sysadmin ssh (cli from 10.200.201.26) on since 2019-01-07 23:35:23 terminal mode
[2019-01-07 23:53:35.153] - cafe.sessions.session_srv.euta.session_log - DEBUG: <<<<<<<<<<<<<<<<<<<Exit Keyword: caferobot.command.adapter.CliAdapter.Cli
[2019-01-07 23:53:35.156] - cafe.sessions.session_srv.euta.session_log - DEBUG: <<<<<<<<<<<<<<<<<<Exit Keyword: keyword_common.Axos Cli With Error Check
[2019-01-07 23:53:35.157] - cafe.sessions.session_srv.euta.session_log - DEBUG: >>>>>>>>>>>>>>>>>>Enter Keyword: keyword_common.Axos Cli With Error Check
[2019-01-07 23:53:35.159] - cafe.sessions.session_srv.euta.session_log - DEBUG: >>>>>>>>>>>>>>>>>>>Enter Keyword: caferobot.command.adapter.CliAdapter.Cli
[2019-01-07 23:53:35.488] - cafe.sessions.session_srv.euta.session_log - INFO: NGPON2X4(config)# interface ethernet 1/2/x11
[2019-01-07 23:53:35.493] - cafe.sessions.session_srv.euta.session_log - DEBUG: <<<<<<<<<<<<<<<<<<<Exit Keyword: caferobot.command.adapter.CliAdapter.Cli
[2019-01-07 23:53:35.498] - cafe.sessions.session_srv.euta.session_log - DEBUG: <<<<<<<<<<<<<<<<<<Exit Keyword: keyword_common.Axos Cli With Error Check
[2019-01-07 23:53:35.500] - cafe.sessions.session_srv.euta.session_log - DEBUG: >>>>>>>>>>>>>>>>>>Enter For Keyword: ${element} IN [ @{list_cmd} ]
[2019-01-07 23:53:35.501] - cafe.sessions.session_srv.euta.session_log - DEBUG: >>>>>>>>>>>>>>>>>>>Enter For Item Keyword: ${element} = role
[2019-01-07 23:53:35.502] - cafe.sessions.session_srv.euta.session_log - DEBUG: >>>>>>>>>>>>>>>>>>>>Enter Keyword: keyword_common.Axos Cli With Error Check
[2019-01-07 23:53:35.504] - cafe.sessions.session_srv.euta.session_log - DEBUG: >>>>>>>>>>>>>>>>>>>>>Enter Keyword: caferobot.command.adapter.CliAdapter.Cli
[2019-01-07 23:53:35.850] - cafe.sessions.session_srv.euta.session_log - INFO: NGPON2X4(config-ethernet-1/2/x11)# no role
[2019-01-07 23:53:35.914] - cafe.sessions.session_srv.euta.session_log - INFO: Error: element not found
[2019-01-07 23:53:35.934] - cafe.sessions.session_srv.euta.session_log - DEBUG: <<<<<<<<<<<<<<<<<<<<<Exit Keyword: caferobot.command.adapter.CliAdapter.Cli
[2019-01-07 23:53:35.938] - cafe.sessions.session_srv.euta.session_log - DEBUG: <<<<<<<<<<<<<<<<<<<<Exit Keyword: keyword_common.Axos Cli With Error Check
[2019-01-07 23:53:35.939] - cafe.sessions.session_srv.euta.session_log - DEBUG: <<<<<<<<<<<<<<<<<<<Exit For Item Keyword: ${element} = role
[2019-01-07 23:53:35.940] - cafe.sessions.session_srv.euta.session_log - DEBUG: <<<<<<<<<<<<<<<<<<Exit For Keyword: ${element} IN [ @{list_cmd} ]
[2019-01-07 23:53:35.943] - cafe.sessions.session_srv.euta.session_log - DEBUG: >>>>>>>>>>>>>>>>>>Enter Teardown Keyword: keyword_common.Axos Cli With Error Check
[2019-01-07 23:53:35.944] - cafe.sessions.session_srv.euta.session_log - DEBUG: >>>>>>>>>>>>>>>>>>>Enter Keyword: caferobot.command.adapter.CliAdapter.Cli
[2019-01-07 23:53:36.281] - cafe.sessions.session_srv.euta.session_log - INFO: NGPON2X4(config-ethernet-1/2/x11)# end
[2019-01-07 23:53:36.505] - cafe.sessions.session_srv.euta.session_log - DEBUG: <<<<<<<<<<<<<<<<<<<Exit Keyword: caferobot.command.adapter.CliAdapter.Cli
[2019-01-07 23:53:36.509] - cafe.sessions.session_srv.euta.session_log - DEBUG: <<<<<<<<<<<<<<<<<<Exit Teardown Keyword: keyword_common.Axos Cli With Error Check
[2019-01-07 23:53:36.511] - cafe.sessions.session_srv.euta.session_log - DEBUG: <<<<<<<<<<<<<<<<<Exit Keyword: keyword_command.dprov_interface_ethernet
[2019-01-07 23:53:36.513] - cafe.sessions.session_srv.euta.session_log - DEBUG: >>>>>>>>>>>>>>>>>Enter Keyword: keyword_command.shutdown_port
[2019-01-07 23:53:36.514] - cafe.sessions.session_srv.euta.session_log - DEBUG: >>>>>>>>>>>>>>>>>>Enter Keyword: keyword_common.Axos Cli With Error Check
[2019-01-07 23:53:36.515] - cafe.sessions.session_srv.euta.session_log - DEBUG: >>>>>>>>>>>>>>>>>>>Enter Keyword: caferobot.command.adapter.CliAdapter.Cli
[2019-01-07 23:53:36.899] - cafe.sessions.session_srv.euta.session_log - INFO: NGPON2X4# configure
[2019-01-07 23:53:36.900] - cafe.sessions.session_srv.euta.session_log - INFO: Enter configuration commands, one per line. End with CNTL/Z.
[2019-01-07 23:53:36.903] - cafe.sessions.session_srv.euta.session_log - DEBUG: <<<<<<<<<<<<<<<<<<<Exit Keyword: caferobot.command.adapter.CliAdapter.Cli
[2019-01-07 23:53:36.906] - cafe.sessions.session_srv.euta.session_log - DEBUG: <<<<<<<<<<<<<<<<<<Exit Keyword: keyword_common.Axos Cli With Error Check
[2019-01-07 23:53:36.907] - cafe.sessions.session_srv.euta.session_log - DEBUG: >>>>>>>>>>>>>>>>>>Enter Keyword: keyword_common.Axos Cli With Error Check
[2019-01-07 23:53:36.909] - cafe.sessions.session_srv.euta.session_log - DEBUG: >>>>>>>>>>>>>>>>>>>Enter Keyword: caferobot.command.adapter.CliAdapter.Cli
[2019-01-07 23:53:37.247] - cafe.sessions.session_srv.euta.session_log - INFO: NGPON2X4(config)# interface ethernet 1/2/x11
[2019-01-07 23:53:37.284] - cafe.sessions.session_srv.euta.session_log - DEBUG: <<<<<<<<<<<<<<<<<<<Exit Keyword: caferobot.command.adapter.CliAdapter.Cli
[2019-01-07 23:53:37.288] - cafe.sessions.session_srv.euta.session_log - DEBUG: <<<<<<<<<<<<<<<<<<Exit Keyword: keyword_common.Axos Cli With Error Check
[2019-01-07 23:53:37.290] - cafe.sessions.session_srv.euta.session_log - DEBUG: >>>>>>>>>>>>>>>>>>Enter Keyword: keyword_common.Axos Cli With Error Check
[2019-01-07 23:53:37.291] - cafe.sessions.session_srv.euta.session_log - DEBUG: >>>>>>>>>>>>>>>>>>>Enter Keyword: caferobot.command.adapter.CliAdapter.Cli
[2019-01-07 23:53:37.633] - cafe.sessions.session_srv.euta.session_log - INFO: NGPON2X4(config-ethernet-1/2/x11)# shutdown
[2019-01-07 23:53:37.789] - cafe.sessions.session_srv.euta.session_log - DEBUG: <<<<<<<<<<<<<<<<<<<Exit Keyword: caferobot.command.adapter.CliAdapter.Cli
[2019-01-07 23:53:37.793] - cafe.sessions.session_srv.euta.session_log - DEBUG: <<<<<<<<<<<<<<<<<<Exit Keyword: keyword_common.Axos Cli With Error Check
[2019-01-07 23:53:37.795] - cafe.sessions.session_srv.euta.session_log - DEBUG: >>>>>>>>>>>>>>>>>>Enter Teardown Keyword: keyword_common.Axos Cli With Error Check
[2019-01-07 23:53:37.796] - cafe.sessions.session_srv.euta.session_log - DEBUG: >>>>>>>>>>>>>>>>>>>Enter Keyword: caferobot.command.adapter.CliAdapter.Cli
[2019-01-07 23:53:38.196] - cafe.sessions.session_srv.euta.session_log - INFO: NGPON2X4(config-ethernet-1/2/x11)# end
[2019-01-07 23:53:38.314] - cafe.sessions.session_srv.euta.session_log - DEBUG: <<<<<<<<<<<<<<<<<<<Exit Keyword: caferobot.command.adapter.CliAdapter.Cli
[2019-01-07 23:53:38.316] - cafe.sessions.session_srv.euta.session_log - DEBUG: <<<<<<<<<<<<<<<<<<Exit Teardown Keyword: keyword_common.Axos Cli With Error Check
[2019-01-07 23:53:38.318] - cafe.sessions.session_srv.euta.session_log - DEBUG: <<<<<<<<<<<<<<<<<Exit Keyword: keyword_command.shutdown_port
[2019-01-07 23:53:38.320] - cafe.sessions.session_srv.euta.session_log - DEBUG: <<<<<<<<<<<<<<<<Exit For Item Keyword: ${port_key} = interface1
[2019-01-07 23:53:38.322] - cafe.sessions.session_srv.euta.session_log - DEBUG: <<<<<<<<<<<<<<<Exit For Keyword: ${port_key} IN [ @{service_model.${service_point}.member} ]
[2019-01-07 23:53:38.324] - cafe.sessions.session_srv.euta.session_log - DEBUG: <<<<<<<<<<<<<<Exit Keyword: keyword_service_model.service_point_eth_dprov
[2019-01-07 23:53:38.325] - cafe.sessions.session_srv.euta.session_log - DEBUG: <<<<<<<<<<<<<Exit Keyword: BuiltIn.Run Keyword
[2019-01-07 23:53:38.326] - cafe.sessions.session_srv.euta.session_log - DEBUG: <<<<<<<<<<<<Exit For Item Keyword: ${service_point} = service_point3
[2019-01-07 23:53:38.328] - cafe.sessions.session_srv.euta.session_log - DEBUG: >>>>>>>>>>>>Enter For Item Keyword: ${service_point} = service_point4
[2019-01-07 23:53:38.332] - cafe.sessions.session_srv.euta.session_log - DEBUG: >>>>>>>>>>>>>Enter Keyword: BuiltIn.Run Keyword
[2019-01-07 23:53:38.334] - cafe.sessions.session_srv.euta.session_log - DEBUG: >>>>>>>>>>>>>>Enter Keyword: keyword_service_model.service_point_eth_dprov
[2019-01-07 23:53:38.336] - cafe.sessions.session_srv.euta.session_log - DEBUG: >>>>>>>>>>>>>>>Enter For Keyword: ${port_key} IN [ @{service_model.${service_point}.member} ]
[2019-01-07 23:53:38.338] - cafe.sessions.session_srv.euta.session_log - DEBUG: >>>>>>>>>>>>>>>>Enter For Item Keyword: ${port_key} = interface1
[2019-01-07 23:53:38.342] - cafe.sessions.session_srv.euta.session_log - DEBUG: >>>>>>>>>>>>>>>>>Enter Keyword: keyword_command.dprov_interface_ethernet
[2019-01-07 23:53:38.343] - cafe.sessions.session_srv.euta.session_log - DEBUG: >>>>>>>>>>>>>>>>>>Enter Keyword: keyword_common.Axos Cli With Error Check
[2019-01-07 23:53:38.344] - cafe.sessions.session_srv.euta.session_log - DEBUG: >>>>>>>>>>>>>>>>>>>Enter Keyword: caferobot.command.adapter.CliAdapter.Cli
[2019-01-07 23:53:38.802] - cafe.sessions.session_srv.euta.session_log - INFO: NGPON2X4# configure
[2019-01-07 23:53:38.807] - cafe.sessions.session_srv.euta.session_log - INFO: Enter configuration commands, one per line. End with CNTL/Z.
[2019-01-07 23:53:38.813] - cafe.sessions.session_srv.euta.session_log - DEBUG: <<<<<<<<<<<<<<<<<<<Exit Keyword: caferobot.command.adapter.CliAdapter.Cli
[2019-01-07 23:53:38.817] - cafe.sessions.session_srv.euta.session_log - DEBUG: <<<<<<<<<<<<<<<<<<Exit Keyword: keyword_common.Axos Cli With Error Check
[2019-01-07 23:53:38.818] - cafe.sessions.session_srv.euta.session_log - DEBUG: >>>>>>>>>>>>>>>>>>Enter Keyword: keyword_common.Axos Cli With Error Check
[2019-01-07 23:53:38.820] - cafe.sessions.session_srv.euta.session_log - DEBUG: >>>>>>>>>>>>>>>>>>>Enter Keyword: caferobot.command.adapter.CliAdapter.Cli
[2019-01-07 23:53:39.5] - cafe.sessions.session_srv.euta.session_log - INFO: NGPON2X4(config)# interface ethernet 1/2/x12
[2019-01-07 23:53:39.67] - cafe.sessions.session_srv.euta.session_log - DEBUG: <<<<<<<<<<<<<<<<<<<Exit Keyword: caferobot.command.adapter.CliAdapter.Cli
[2019-01-07 23:53:39.75] - cafe.sessions.session_srv.euta.session_log - DEBUG: <<<<<<<<<<<<<<<<<<Exit Keyword: keyword_common.Axos Cli With Error Check
[2019-01-07 23:53:39.78] - cafe.sessions.session_srv.euta.session_log - DEBUG: >>>>>>>>>>>>>>>>>>Enter For Keyword: ${element} IN [ @{list_cmd} ]
[2019-01-07 23:53:39.78] - cafe.sessions.session_srv.euta.session_log - DEBUG: >>>>>>>>>>>>>>>>>>>Enter For Item Keyword: ${element} = role
[2019-01-07 23:53:39.79] - cafe.sessions.session_srv.euta.session_log - DEBUG: >>>>>>>>>>>>>>>>>>>>Enter Keyword: keyword_common.Axos Cli With Error Check
[2019-01-07 23:53:39.81] - cafe.sessions.session_srv.euta.session_log - DEBUG: >>>>>>>>>>>>>>>>>>>>>Enter Keyword: caferobot.command.adapter.CliAdapter.Cli
[2019-01-07 23:53:39.323] - cafe.sessions.session_srv.euta.session_log - INFO: NGPON2X4(config-ethernet-1/2/x12)# no role
[2019-01-07 23:53:39.355] - cafe.sessions.session_srv.euta.session_log - INFO: Error: element not found
[2019-01-07 23:53:39.377] - cafe.sessions.session_srv.euta.session_log - DEBUG: <<<<<<<<<<<<<<<<<<<<<Exit Keyword: caferobot.command.adapter.CliAdapter.Cli
[2019-01-07 23:53:39.381] - cafe.sessions.session_srv.euta.session_log - DEBUG: <<<<<<<<<<<<<<<<<<<<Exit Keyword: keyword_common.Axos Cli With Error Check
[2019-01-07 23:53:39.385] - cafe.sessions.session_srv.euta.session_log - DEBUG: <<<<<<<<<<<<<<<<<<<Exit For Item Keyword: ${element} = role
[2019-01-07 23:53:39.388] - cafe.sessions.session_srv.euta.session_log - DEBUG: <<<<<<<<<<<<<<<<<<Exit For Keyword: ${element} IN [ @{list_cmd} ]
[2019-01-07 23:53:39.394] - cafe.sessions.session_srv.euta.session_log - DEBUG: >>>>>>>>>>>>>>>>>>Enter Teardown Keyword: keyword_common.Axos Cli With Error Check
[2019-01-07 23:53:39.395] - cafe.sessions.session_srv.euta.session_log - DEBUG: >>>>>>>>>>>>>>>>>>>Enter Keyword: caferobot.command.adapter.CliAdapter.Cli
[2019-01-07 23:53:39.622] - cafe.sessions.session_srv.euta.session_log - INFO: NGPON2X4(config-ethernet-1/2/x12)# end
[2019-01-07 23:53:39.688] - cafe.sessions.session_srv.euta.session_log - DEBUG: <<<<<<<<<<<<<<<<<<<Exit Keyword: caferobot.command.adapter.CliAdapter.Cli
[2019-01-07 23:53:39.692] - cafe.sessions.session_srv.euta.session_log - DEBUG: <<<<<<<<<<<<<<<<<<Exit Teardown Keyword: keyword_common.Axos Cli With Error Check
[2019-01-07 23:53:39.693] - cafe.sessions.session_srv.euta.session_log - DEBUG: <<<<<<<<<<<<<<<<<Exit Keyword: keyword_command.dprov_interface_ethernet
[2019-01-07 23:53:39.696] - cafe.sessions.session_srv.euta.session_log - DEBUG: >>>>>>>>>>>>>>>>>Enter Keyword: keyword_command.shutdown_port
[2019-01-07 23:53:39.698] - cafe.sessions.session_srv.euta.session_log - DEBUG: >>>>>>>>>>>>>>>>>>Enter Keyword: keyword_common.Axos Cli With Error Check
[2019-01-07 23:53:39.700] - cafe.sessions.session_srv.euta.session_log - DEBUG: >>>>>>>>>>>>>>>>>>>Enter Keyword: caferobot.command.adapter.CliAdapter.Cli
[2019-01-07 23:53:40.30] - cafe.sessions.session_srv.euta.session_log - INFO: NGPON2X4# configure
[2019-01-07 23:53:40.94] - cafe.sessions.session_srv.euta.session_log - INFO: Enter configuration commands, one per line. End with CNTL/Z.
[2019-01-07 23:53:40.99] - cafe.sessions.session_srv.euta.session_log - DEBUG: <<<<<<<<<<<<<<<<<<<Exit Keyword: caferobot.command.adapter.CliAdapter.Cli
[2019-01-07 23:53:40.102] - cafe.sessions.session_srv.euta.session_log - DEBUG: <<<<<<<<<<<<<<<<<<Exit Keyword: keyword_common.Axos Cli With Error Check
[2019-01-07 23:53:40.106] - cafe.sessions.session_srv.euta.session_log - DEBUG: >>>>>>>>>>>>>>>>>>Enter Keyword: keyword_common.Axos Cli With Error Check
[2019-01-07 23:53:40.107] - cafe.sessions.session_srv.euta.session_log - DEBUG: >>>>>>>>>>>>>>>>>>>Enter Keyword: caferobot.command.adapter.CliAdapter.Cli
[2019-01-07 23:53:40.328] - cafe.sessions.session_srv.euta.session_log - INFO: NGPON2X4(config)# interface ethernet 1/2/x12
[2019-01-07 23:53:40.387] - cafe.sessions.session_srv.euta.session_log - DEBUG: <<<<<<<<<<<<<<<<<<<Exit Keyword: caferobot.command.adapter.CliAdapter.Cli
[2019-01-07 23:53:40.402] - cafe.sessions.session_srv.euta.session_log - DEBUG: <<<<<<<<<<<<<<<<<<Exit Keyword: keyword_common.Axos Cli With Error Check
[2019-01-07 23:53:40.410] - cafe.sessions.session_srv.euta.session_log - DEBUG: >>>>>>>>>>>>>>>>>>Enter Keyword: keyword_common.Axos Cli With Error Check
[2019-01-07 23:53:40.411] - cafe.sessions.session_srv.euta.session_log - DEBUG: >>>>>>>>>>>>>>>>>>>Enter Keyword: caferobot.command.adapter.CliAdapter.Cli
[2019-01-07 23:53:40.641] - cafe.sessions.session_srv.euta.session_log - INFO: NGPON2X4(config-ethernet-1/2/x12)# shutdown
[2019-01-07 23:53:40.719] - cafe.sessions.session_srv.euta.session_log - DEBUG: <<<<<<<<<<<<<<<<<<<Exit Keyword: caferobot.command.adapter.CliAdapter.Cli
[2019-01-07 23:53:40.724] - cafe.sessions.session_srv.euta.session_log - DEBUG: <<<<<<<<<<<<<<<<<<Exit Keyword: keyword_common.Axos Cli With Error Check
[2019-01-07 23:53:40.726] - cafe.sessions.session_srv.euta.session_log - DEBUG: >>>>>>>>>>>>>>>>>>Enter Teardown Keyword: keyword_common.Axos Cli With Error Check
[2019-01-07 23:53:40.728] - cafe.sessions.session_srv.euta.session_log - DEBUG: >>>>>>>>>>>>>>>>>>>Enter Keyword: caferobot.command.adapter.CliAdapter.Cli
[2019-01-07 23:53:40.911] - cafe.sessions.session_srv.euta.session_log - INFO: NGPON2X4(config-ethernet-1/2/x12)# end
[2019-01-07 23:53:40.982] - cafe.sessions.session_srv.euta.session_log - DEBUG: <<<<<<<<<<<<<<<<<<<Exit Keyword: caferobot.command.adapter.CliAdapter.Cli
[2019-01-07 23:53:40.985] - cafe.sessions.session_srv.euta.session_log - DEBUG: <<<<<<<<<<<<<<<<<<Exit Teardown Keyword: keyword_common.Axos Cli With Error Check
[2019-01-07 23:53:40.986] - cafe.sessions.session_srv.euta.session_log - DEBUG: <<<<<<<<<<<<<<<<<Exit Keyword: keyword_command.shutdown_port
[2019-01-07 23:53:40.987] - cafe.sessions.session_srv.euta.session_log - DEBUG: <<<<<<<<<<<<<<<<Exit For Item Keyword: ${port_key} = interface1
[2019-01-07 23:53:40.988] - cafe.sessions.session_srv.euta.session_log - DEBUG: <<<<<<<<<<<<<<<Exit For Keyword: ${port_key} IN [ @{service_model.${service_point}.member} ]
[2019-01-07 23:53:40.989] - cafe.sessions.session_srv.euta.session_log - DEBUG: <<<<<<<<<<<<<<Exit Keyword: keyword_service_model.service_point_eth_dprov
[2019-01-07 23:53:40.991] - cafe.sessions.session_srv.euta.session_log - DEBUG: <<<<<<<<<<<<<Exit Keyword: BuiltIn.Run Keyword
[2019-01-07 23:53:40.991] - cafe.sessions.session_srv.euta.session_log - DEBUG: <<<<<<<<<<<<Exit For Item Keyword: ${service_point} = service_point4
[2019-01-07 23:53:40.993] - cafe.sessions.session_srv.euta.session_log - DEBUG: <<<<<<<<<<<Exit For Keyword: ${service_point} IN [ @{service_model.${service_point_list}} ]
[2019-01-07 23:53:40.994] - cafe.sessions.session_srv.euta.session_log - DEBUG: <<<<<<<<<<Exit Keyword: keyword_service_model.service_point_dprov
[2019-01-07 23:53:40.996] - cafe.sessions.session_srv.euta.session_log - DEBUG: <<<<<<<<<Exit Teardown Keyword: test_teardown
[2019-01-07 23:53:40.999] - cafe.sessions.session_srv.euta.session_log - DEBUG: <<<<<<<<Exit Suite: Testcase
[2019-01-07 23:53:41.2] - cafe.sessions.session_srv.euta.session_log - DEBUG: <<<<<<<Exit Suite: MTU
[2019-01-07 23:53:41.4] - cafe.sessions.session_srv.euta.session_log - DEBUG: <<<<<<Exit Suite: HW Support
[2019-01-07 23:53:41.7] - cafe.sessions.session_srv.euta.session_log - DEBUG: <<<<<Exit Suite: System
[2019-01-07 23:53:41.10] - cafe.sessions.session_srv.euta.session_log - DEBUG: <<<<Exit Suite: ST Test Cases
[2019-01-07 23:53:41.13] - cafe.sessions.session_srv.euta.session_log - DEBUG: <<<Exit Suite: Milan
[2019-01-07 23:53:41.15] - cafe.sessions.session_srv.euta.session_log - DEBUG: <<Exit Suite: AXOS-automation
[2019-01-07 23:53:41.18] - cafe.sessions.session_srv.euta.session_log - DEBUG: <Exit Suite: AXOS
